Using pre-set license
Built from '2020.2/staging' branch; Version is '2020.2.3f1 (8ff31bc5bf5b) revision 9433883'; Using compiler version '192528614'; Build Type 'Release'
OS: 'Windows 8.1  (6.3.0) 64bit' Language: 'ru' Physical Memory: 5982 MB
BatchMode: 1, IsHumanControllingUs: 0, StartBugReporterOnCrash: 0, Is64bit: 1, IsPro: 0

 COMMAND LINE ARGUMENTS:
C:\Program Files\Unity\Hub\Editor\2020.2.3f1\Editor\Unity.exe
-adb2
-batchMode
-noUpm
-name
AssetImportWorker2
-projectPath
D:/Unity/TowerDefense
-logFile
Logs/AssetImportWorker2.log
-srvPort
55533
Successfully changed project path to: D:/Unity/TowerDefense
D:/Unity/TowerDefense
Using Asset Import Pipeline V2.
Refreshing native plugins compatible for Editor in 299.15 ms, found 3 plugins.
Preloading 0 native plugins for Editor in 0.00 ms.
Initialize engine version: 2020.2.3f1 (8ff31bc5bf5b)
[Subsystems] Discovering subsystems at path C:/Program Files/Unity/Hub/Editor/2020.2.3f1/Editor/Data/Resources/UnitySubsystems
[Subsystems] Discovering subsystems at path D:/Unity/TowerDefense/Assets
GfxDevice: creating device client; threaded=0
d3d11: QueryInterface(IDXGIFactory5) failed (80004002).
Direct3D:
    Version:  Direct3D 11.0 [level 11.0]
    Renderer: NVIDIA GeForce GT 640M (ID=0xfd2)
    Vendor:   
    VRAM:     1986 MB
    Driver:   22.21.13.8494
Initialize mono
Mono path[0] = 'C:/Program Files/Unity/Hub/Editor/2020.2.3f1/Editor/Data/Managed'
Mono path[1] = 'C:/Program Files/Unity/Hub/Editor/2020.2.3f1/Editor/Data/MonoBleedingEdge/lib/mono/unityjit'
Mono config path = 'C:/Program Files/Unity/Hub/Editor/2020.2.3f1/Editor/Data/MonoBleedingEdge/etc'
Using monoOptions --debugger-agent=transport=dt_socket,embedding=1,server=y,suspend=n,address=127.0.0.1:56204
Begin MonoManager ReloadAssembly
Registering precompiled unity dll's ...
Register platform support module: C:/Program Files/Unity/Hub/Editor/2020.2.3f1/Editor/Data/PlaybackEngines/WindowsStandaloneSupport/UnityEditor.WindowsStandalone.Extensions.dll
Registered in 0.010816 seconds.
Native extension for WindowsStandalone target not found
Refreshing native plugins compatible for Editor in 113.12 ms, found 3 plugins.
Preloading 0 native plugins for Editor in 0.00 ms.
Invoked RoslynAnalysisRunner static constructor.
RoslynAnalysisRunner will not be running.
RoslynAnalysisRunner has terminated.
Mono: successfully reloaded assembly
- Completed reload, in  3.775 seconds
Platform modules already initialized, skipping
Registering precompiled user dll's ...
Registered in 0.014834 seconds.
Begin MonoManager ReloadAssembly
Native extension for WindowsStandalone target not found
Refreshing native plugins compatible for Editor in 105.17 ms, found 3 plugins.
Preloading 0 native plugins for Editor in 0.00 ms.
Disabling WSA platform on asset settings for D:\Unity\TowerDefense\Assets\NuGet.config

Curl error 42: Callback aborted
Curl error 42: Callback aborted
Curl error 42: Callback aborted
Curl error 42: Callback aborted
DisplayProgressbar: Restoring NuGet Packages
Curl error 42: Callback aborted
Curl error 42: Callback aborted
Curl error 42: Callback aborted
Curl error 42: Callback aborted
Invoked RoslynAnalysisRunner static constructor.
RoslynAnalysisRunner will not be running.
RoslynAnalysisRunner has terminated.
Mono: successfully reloaded assembly
- Completed reload, in 12.982 seconds
Platform modules already initialized, skipping
========================================================================
Worker process is ready to serve import requests
Launched and connected shader compiler UnityShaderCompiler.exe after 0.87 seconds
Refreshing native plugins compatible for Editor in 4.25 ms, found 3 plugins.
Preloading 0 native plugins for Editor in 0.00 ms.
Unloading 1839 Unused Serialized files (Serialized files now loaded: 0)
System memory in use before: 100.1 MB.
System memory in use after: 100.1 MB.

Unloading 51 unused Assets to reduce memory usage. Loaded Objects now: 2270.
Total: 5.884111 ms (FindLiveObjects: 0.910143 ms CreateObjectMapping: 0.640836 ms MarkObjects: 4.099952 ms  DeleteObjects: 0.229486 ms)

========================================================================
Received Import Request.
  path: Assets/Scripts/BDScripts/Connection_on_MySQL.cs
  artifactKey: Guid(56a9770f0791fbd4cbd0d48be6d046ca) Importer(815301076,1909f56bfc062723c751e8b465ee728b)
Start importing Assets/Scripts/BDScripts/Connection_on_MySQL.cs using Guid(56a9770f0791fbd4cbd0d48be6d046ca) Importer(815301076,1909f56bfc062723c751e8b465ee728b)  -> (artifact id: 'c1d55caa35310914288f2237f0890f4f') in 0.340470 seconds
  Import took 0.347127 seconds .

========================================================================
Received Import Request.
  Time since last request: 913.545167 seconds.
  path: Assets/Scripts/BDScripts/Connection_on_MySQL.cs
  artifactKey: Guid(56a9770f0791fbd4cbd0d48be6d046ca) Importer(815301076,1909f56bfc062723c751e8b465ee728b)
Start importing Assets/Scripts/BDScripts/Connection_on_MySQL.cs using Guid(56a9770f0791fbd4cbd0d48be6d046ca) Importer(815301076,1909f56bfc062723c751e8b465ee728b)  -> (artifact id: '3199aff6f235645dd016b1bb7b2999fb') in 0.009998 seconds
  Import took 0.031707 seconds .

========================================================================
Received Import Request.
  Time since last request: 1016.052649 seconds.
  path: Assets/Scripts/BDScripts/Connection_on_MySQL.cs
  artifactKey: Guid(56a9770f0791fbd4cbd0d48be6d046ca) Importer(815301076,1909f56bfc062723c751e8b465ee728b)
Start importing Assets/Scripts/BDScripts/Connection_on_MySQL.cs using Guid(56a9770f0791fbd4cbd0d48be6d046ca) Importer(815301076,1909f56bfc062723c751e8b465ee728b)  -> (artifact id: '895251b984a02b75664920c81d70c16c') in 0.003669 seconds
  Import took 0.009668 seconds .

========================================================================
Received Import Request.
  Time since last request: 12.426088 seconds.
  path: Assets/Scripts/BDScripts/Connection_on_MySQL.cs
  artifactKey: Guid(56a9770f0791fbd4cbd0d48be6d046ca) Importer(815301076,1909f56bfc062723c751e8b465ee728b)
Start importing Assets/Scripts/BDScripts/Connection_on_MySQL.cs using Guid(56a9770f0791fbd4cbd0d48be6d046ca) Importer(815301076,1909f56bfc062723c751e8b465ee728b)  -> (artifact id: '9eef5109083f2ed7ba23ff627a7978be') in 0.017850 seconds
  Import took 0.037086 seconds .

========================================================================
Received Import Request.
  Time since last request: 3.957160 seconds.
  path: Assets/Scripts/BDScripts/Connection_on_MySQL.cs
  artifactKey: Guid(56a9770f0791fbd4cbd0d48be6d046ca) Importer(815301076,1909f56bfc062723c751e8b465ee728b)
Start importing Assets/Scripts/BDScripts/Connection_on_MySQL.cs using Guid(56a9770f0791fbd4cbd0d48be6d046ca) Importer(815301076,1909f56bfc062723c751e8b465ee728b)  -> (artifact id: 'bc42febe2b32b378547e12b04959fceb') in 0.004076 seconds
  Import took 0.012380 seconds .

========================================================================
Received Import Request.
  Time since last request: 50.539781 seconds.
  path: Assets/Scripts/BDScripts/Connection_on_MySQL.cs
  artifactKey: Guid(56a9770f0791fbd4cbd0d48be6d046ca) Importer(815301076,1909f56bfc062723c751e8b465ee728b)
Start importing Assets/Scripts/BDScripts/Connection_on_MySQL.cs using Guid(56a9770f0791fbd4cbd0d48be6d046ca) Importer(815301076,1909f56bfc062723c751e8b465ee728b)  -> (artifact id: '67f1afbd7c71a8fb44cf08473c45fbb3') in 0.007759 seconds
  Import took 0.014653 seconds .

========================================================================
Received Import Request.
  Time since last request: 67.831329 seconds.
  path: Assets/Scripts/BDScripts/Connection_on_MySQL.cs
  artifactKey: Guid(56a9770f0791fbd4cbd0d48be6d046ca) Importer(815301076,1909f56bfc062723c751e8b465ee728b)
Start importing Assets/Scripts/BDScripts/Connection_on_MySQL.cs using Guid(56a9770f0791fbd4cbd0d48be6d046ca) Importer(815301076,1909f56bfc062723c751e8b465ee728b)  -> (artifact id: 'c1603e7896f6833315b7494db6a665a2') in 0.006435 seconds
  Import took 0.018152 seconds .

========================================================================
Received Import Request.
  Time since last request: 233.205231 seconds.
  path: Assets/Scripts/BDScripts/Connection_on_MySQL.cs
  artifactKey: Guid(56a9770f0791fbd4cbd0d48be6d046ca) Importer(815301076,1909f56bfc062723c751e8b465ee728b)
Start importing Assets/Scripts/BDScripts/Connection_on_MySQL.cs using Guid(56a9770f0791fbd4cbd0d48be6d046ca) Importer(815301076,1909f56bfc062723c751e8b465ee728b)  -> (artifact id: '53c2e6bbf2b860e85088b2900d0020d4') in 0.080975 seconds
  Import took 0.099335 seconds .

========================================================================
Received Prepare
Registering precompiled user dll's ...
Registered in 0.010683 seconds.
Begin MonoManager ReloadAssembly
Native extension for WindowsStandalone target not found
Refreshing native plugins compatible for Editor in 1.01 ms, found 3 plugins.
Preloading 0 native plugins for Editor in 0.00 ms.
Invoked RoslynAnalysisRunner static constructor.
RoslynAnalysisRunner will not be running.
RoslynAnalysisRunner has terminated.
Mono: successfully reloaded assembly
- Completed reload, in  2.385 seconds
Platform modules already initialized, skipping
Refreshing native plugins compatible for Editor in 1.39 ms, found 3 plugins.
Preloading 0 native plugins for Editor in 0.00 ms.
Unloading 1833 Unused Serialized files (Serialized files now loaded: 0)
System memory in use before: 100.0 MB.
System memory in use after: 100.0 MB.

Unloading 39 unused Assets to reduce memory usage. Loaded Objects now: 2273.
Total: 3.188578 ms (FindLiveObjects: 0.401908 ms CreateObjectMapping: 0.102632 ms MarkObjects: 2.491500 ms  DeleteObjects: 0.190485 ms)

========================================================================
Received Prepare
Registering precompiled user dll's ...
Registered in 0.018842 seconds.
Begin MonoManager ReloadAssembly
Native extension for WindowsStandalone target not found
Refreshing native plugins compatible for Editor in 1.92 ms, found 3 plugins.
Preloading 0 native plugins for Editor in 0.00 ms.
Invoked RoslynAnalysisRunner static constructor.
RoslynAnalysisRunner will not be running.
RoslynAnalysisRunner has terminated.
Mono: successfully reloaded assembly
- Completed reload, in  2.882 seconds
Platform modules already initialized, skipping
Refreshing native plugins compatible for Editor in 1.42 ms, found 3 plugins.
Preloading 0 native plugins for Editor in 0.00 ms.
Unloading 1833 Unused Serialized files (Serialized files now loaded: 0)
System memory in use before: 100.1 MB.
System memory in use after: 100.1 MB.

Unloading 39 unused Assets to reduce memory usage. Loaded Objects now: 2276.
Total: 4.136489 ms (FindLiveObjects: 0.322676 ms CreateObjectMapping: 0.188843 ms MarkObjects: 3.421348 ms  DeleteObjects: 0.200749 ms)

========================================================================
Received Prepare
Registering precompiled user dll's ...
Registered in 0.033195 seconds.
Begin MonoManager ReloadAssembly
Native extension for WindowsStandalone target not found
Refreshing native plugins compatible for Editor in 1.31 ms, found 3 plugins.
Preloading 0 native plugins for Editor in 0.00 ms.
Invoked RoslynAnalysisRunner static constructor.
RoslynAnalysisRunner will not be running.
RoslynAnalysisRunner has terminated.
Mono: successfully reloaded assembly
- Completed reload, in  2.287 seconds
Platform modules already initialized, skipping
Refreshing native plugins compatible for Editor in 0.88 ms, found 3 plugins.
Preloading 0 native plugins for Editor in 0.00 ms.
Unloading 1833 Unused Serialized files (Serialized files now loaded: 0)
System memory in use before: 100.1 MB.
System memory in use after: 100.1 MB.

Unloading 39 unused Assets to reduce memory usage. Loaded Objects now: 2279.
Total: 4.181237 ms (FindLiveObjects: 0.488119 ms CreateObjectMapping: 0.194591 ms MarkObjects: 2.682806 ms  DeleteObjects: 0.185559 ms)

========================================================================
Received Import Request.
  Time since last request: 344.054105 seconds.
  path: Assets/Scripts/BDScripts/Connection_on_MySQL.cs
  artifactKey: Guid(56a9770f0791fbd4cbd0d48be6d046ca) Importer(815301076,1909f56bfc062723c751e8b465ee728b)
Start importing Assets/Scripts/BDScripts/Connection_on_MySQL.cs using Guid(56a9770f0791fbd4cbd0d48be6d046ca) Importer(815301076,1909f56bfc062723c751e8b465ee728b)  -> (artifact id: 'a77362ef8b35daf916c791faa7c89bbd') in 0.011449 seconds
  Import took 0.023068 seconds .

========================================================================
Received Import Request.
  Time since last request: 0.089776 seconds.
  path: Assets/Scripts/BDScripts/Connection_on_MySQL.cs
  artifactKey: Guid(56a9770f0791fbd4cbd0d48be6d046ca) Importer(815301076,1909f56bfc062723c751e8b465ee728b)
Start importing Assets/Scripts/BDScripts/Connection_on_MySQL.cs using Guid(56a9770f0791fbd4cbd0d48be6d046ca) Importer(815301076,1909f56bfc062723c751e8b465ee728b)  -> (artifact id: 'a77362ef8b35daf916c791faa7c89bbd') in 0.010046 seconds
  Import took 0.017291 seconds .

========================================================================
Received Prepare
Registering precompiled user dll's ...
Registered in 0.010744 seconds.
Begin MonoManager ReloadAssembly
Native extension for WindowsStandalone target not found
Refreshing native plugins compatible for Editor in 0.86 ms, found 3 plugins.
Preloading 0 native plugins for Editor in 0.00 ms.
Invoked RoslynAnalysisRunner static constructor.
RoslynAnalysisRunner will not be running.
RoslynAnalysisRunner has terminated.
Mono: successfully reloaded assembly
- Completed reload, in  2.414 seconds
Platform modules already initialized, skipping
Refreshing native plugins compatible for Editor in 1.30 ms, found 3 plugins.
Preloading 0 native plugins for Editor in 0.00 ms.
Unloading 1833 Unused Serialized files (Serialized files now loaded: 0)
System memory in use before: 100.1 MB.
System memory in use after: 100.1 MB.

Unloading 39 unused Assets to reduce memory usage. Loaded Objects now: 2282.
Total: 3.939435 ms (FindLiveObjects: 0.501666 ms CreateObjectMapping: 0.224970 ms MarkObjects: 2.992756 ms  DeleteObjects: 0.217580 ms)

========================================================================
Received Import Request.
  Time since last request: 207.421715 seconds.
  path: Assets/Scripts/BDScripts/Connection_on_MySQL.cs
  artifactKey: Guid(56a9770f0791fbd4cbd0d48be6d046ca) Importer(815301076,1909f56bfc062723c751e8b465ee728b)
Start importing Assets/Scripts/BDScripts/Connection_on_MySQL.cs using Guid(56a9770f0791fbd4cbd0d48be6d046ca) Importer(815301076,1909f56bfc062723c751e8b465ee728b)  -> (artifact id: '62bdaf3e95259f082376a6e8cf8c8589') in 0.013375 seconds
  Import took 0.018860 seconds .

========================================================================
Received Import Request.
  Time since last request: 0.003377 seconds.
  path: Assets/Scripts/BDScripts/Connection_on_MySQL.cs
  artifactKey: Guid(56a9770f0791fbd4cbd0d48be6d046ca) Importer(815301076,1909f56bfc062723c751e8b465ee728b)
Start importing Assets/Scripts/BDScripts/Connection_on_MySQL.cs using Guid(56a9770f0791fbd4cbd0d48be6d046ca) Importer(815301076,1909f56bfc062723c751e8b465ee728b)  -> (artifact id: '62bdaf3e95259f082376a6e8cf8c8589') in 0.005447 seconds
  Import took 0.012208 seconds .

========================================================================
Received Prepare
Registering precompiled user dll's ...
Registered in 0.013818 seconds.
Begin MonoManager ReloadAssembly
Native extension for WindowsStandalone target not found
Refreshing native plugins compatible for Editor in 1.64 ms, found 3 plugins.
Preloading 0 native plugins for Editor in 0.00 ms.
Invoked RoslynAnalysisRunner static constructor.
RoslynAnalysisRunner will not be running.
RoslynAnalysisRunner has terminated.
Mono: successfully reloaded assembly
- Completed reload, in  2.443 seconds
Platform modules already initialized, skipping
Refreshing native plugins compatible for Editor in 1.38 ms, found 3 plugins.
Preloading 0 native plugins for Editor in 0.00 ms.
Unloading 1833 Unused Serialized files (Serialized files now loaded: 0)
System memory in use before: 100.1 MB.
System memory in use after: 100.1 MB.

Unloading 39 unused Assets to reduce memory usage. Loaded Objects now: 2285.
Total: 2.899566 ms (FindLiveObjects: 0.250833 ms CreateObjectMapping: 0.102222 ms MarkObjects: 2.336320 ms  DeleteObjects: 0.208138 ms)

========================================================================
Received Import Request.
  Time since last request: 43.598975 seconds.
  path: Assets/Scripts/BDScripts/Connection_on_MySQL.cs
  artifactKey: Guid(56a9770f0791fbd4cbd0d48be6d046ca) Importer(815301076,1909f56bfc062723c751e8b465ee728b)
Start importing Assets/Scripts/BDScripts/Connection_on_MySQL.cs using Guid(56a9770f0791fbd4cbd0d48be6d046ca) Importer(815301076,1909f56bfc062723c751e8b465ee728b)  -> (artifact id: 'aac78a27bc3bc770c288c25c893189f9') in 0.011924 seconds
  Import took 0.016414 seconds .

========================================================================
Received Prepare
Registering precompiled user dll's ...
Registered in 0.012218 seconds.
Begin MonoManager ReloadAssembly
Native extension for WindowsStandalone target not found
Refreshing native plugins compatible for Editor in 0.85 ms, found 3 plugins.
Preloading 0 native plugins for Editor in 0.00 ms.
Invoked RoslynAnalysisRunner static constructor.
RoslynAnalysisRunner will not be running.
RoslynAnalysisRunner has terminated.
Mono: successfully reloaded assembly
- Completed reload, in  2.551 seconds
Platform modules already initialized, skipping
Refreshing native plugins compatible for Editor in 0.90 ms, found 3 plugins.
Preloading 0 native plugins for Editor in 0.00 ms.
Unloading 1833 Unused Serialized files (Serialized files now loaded: 0)
System memory in use before: 100.1 MB.
System memory in use after: 100.1 MB.

Unloading 39 unused Assets to reduce memory usage. Loaded Objects now: 2288.
Total: 4.122531 ms (FindLiveObjects: 0.371939 ms CreateObjectMapping: 0.095243 ms MarkObjects: 3.446390 ms  DeleteObjects: 0.205675 ms)

========================================================================
Received Prepare
Registering precompiled user dll's ...
Registered in 0.016508 seconds.
Begin MonoManager ReloadAssembly
Native extension for WindowsStandalone target not found
Refreshing native plugins compatible for Editor in 0.86 ms, found 3 plugins.
Preloading 0 native plugins for Editor in 0.00 ms.
Invoked RoslynAnalysisRunner static constructor.
RoslynAnalysisRunner will not be running.
RoslynAnalysisRunner has terminated.
Mono: successfully reloaded assembly
- Completed reload, in  2.443 seconds
Platform modules already initialized, skipping
Refreshing native plugins compatible for Editor in 0.84 ms, found 3 plugins.
Preloading 0 native plugins for Editor in 0.00 ms.
Unloading 1833 Unused Serialized files (Serialized files now loaded: 0)
System memory in use before: 100.2 MB.
System memory in use after: 100.1 MB.

Unloading 39 unused Assets to reduce memory usage. Loaded Objects now: 2291.
Total: 5.655446 ms (FindLiveObjects: 0.481140 ms CreateObjectMapping: 0.216349 ms MarkObjects: 4.746535 ms  DeleteObjects: 0.208138 ms)

========================================================================
Received Prepare
Registering precompiled user dll's ...
Registered in 0.017949 seconds.
Begin MonoManager ReloadAssembly
Native extension for WindowsStandalone target not found
Refreshing native plugins compatible for Editor in 0.86 ms, found 3 plugins.
Preloading 0 native plugins for Editor in 0.00 ms.
Invoked RoslynAnalysisRunner static constructor.
RoslynAnalysisRunner will not be running.
RoslynAnalysisRunner has terminated.
Mono: successfully reloaded assembly
- Completed reload, in  2.065 seconds
Platform modules already initialized, skipping
Refreshing native plugins compatible for Editor in 0.94 ms, found 3 plugins.
Preloading 0 native plugins for Editor in 0.00 ms.
Unloading 1833 Unused Serialized files (Serialized files now loaded: 0)
System memory in use before: 100.2 MB.
System memory in use after: 100.2 MB.

Unloading 39 unused Assets to reduce memory usage. Loaded Objects now: 2294.
Total: 3.583917 ms (FindLiveObjects: 0.240980 ms CreateObjectMapping: 0.171191 ms MarkObjects: 2.884376 ms  DeleteObjects: 0.284497 ms)

========================================================================
Received Prepare
Registering precompiled user dll's ...
Registered in 0.015354 seconds.
Begin MonoManager ReloadAssembly
Native extension for WindowsStandalone target not found
Refreshing native plugins compatible for Editor in 0.81 ms, found 3 plugins.
Preloading 0 native plugins for Editor in 0.00 ms.
Invoked RoslynAnalysisRunner static constructor.
RoslynAnalysisRunner will not be running.
RoslynAnalysisRunner has terminated.
Mono: successfully reloaded assembly
- Completed reload, in  2.203 seconds
Platform modules already initialized, skipping
Refreshing native plugins compatible for Editor in 1.30 ms, found 3 plugins.
Preloading 0 native plugins for Editor in 0.00 ms.
Unloading 1833 Unused Serialized files (Serialized files now loaded: 0)
System memory in use before: 100.2 MB.
System memory in use after: 100.2 MB.

Unloading 39 unused Assets to reduce memory usage. Loaded Objects now: 2297.
Total: 5.868921 ms (FindLiveObjects: 0.451992 ms CreateObjectMapping: 0.105506 ms MarkObjects: 5.103285 ms  DeleteObjects: 0.204854 ms)

========================================================================
Received Prepare
Registering precompiled user dll's ...
Registered in 0.012311 seconds.
Begin MonoManager ReloadAssembly
Native extension for WindowsStandalone target not found
Refreshing native plugins compatible for Editor in 0.96 ms, found 3 plugins.
Preloading 0 native plugins for Editor in 0.00 ms.
Invoked RoslynAnalysisRunner static constructor.
RoslynAnalysisRunner will not be running.
RoslynAnalysisRunner has terminated.
Mono: successfully reloaded assembly
- Completed reload, in  1.959 seconds
Platform modules already initialized, skipping
Refreshing native plugins compatible for Editor in 1.72 ms, found 3 plugins.
Preloading 0 native plugins for Editor in 0.00 ms.
Unloading 1833 Unused Serialized files (Serialized files now loaded: 0)
System memory in use before: 100.2 MB.
System memory in use after: 100.2 MB.

Unloading 39 unused Assets to reduce memory usage. Loaded Objects now: 2300.
Total: 8.212220 ms (FindLiveObjects: 0.407655 ms CreateObjectMapping: 0.123980 ms MarkObjects: 7.402247 ms  DeleteObjects: 0.276286 ms)

========================================================================
Received Prepare
Registering precompiled user dll's ...
Registered in 0.020029 seconds.
Begin MonoManager ReloadAssembly
Native extension for WindowsStandalone target not found
Refreshing native plugins compatible for Editor in 1.42 ms, found 3 plugins.
Preloading 0 native plugins for Editor in 0.00 ms.
Invoked RoslynAnalysisRunner static constructor.
RoslynAnalysisRunner will not be running.
RoslynAnalysisRunner has terminated.
Mono: successfully reloaded assembly
- Completed reload, in  2.143 seconds
Platform modules already initialized, skipping
Refreshing native plugins compatible for Editor in 1.14 ms, found 3 plugins.
Preloading 0 native plugins for Editor in 0.00 ms.
Unloading 1833 Unused Serialized files (Serialized files now loaded: 0)
System memory in use before: 100.2 MB.
System memory in use after: 100.2 MB.

Unloading 39 unused Assets to reduce memory usage. Loaded Objects now: 2303.
Total: 3.858151 ms (FindLiveObjects: 0.504951 ms CreateObjectMapping: 0.197464 ms MarkObjects: 2.872471 ms  DeleteObjects: 0.280391 ms)

========================================================================
Received Prepare
Registering precompiled user dll's ...
Registered in 0.099002 seconds.
Begin MonoManager ReloadAssembly
Native extension for WindowsStandalone target not found
Refreshing native plugins compatible for Editor in 0.86 ms, found 3 plugins.
Preloading 0 native plugins for Editor in 0.00 ms.
Invoked RoslynAnalysisRunner static constructor.
RoslynAnalysisRunner will not be running.
RoslynAnalysisRunner has terminated.
Mono: successfully reloaded assembly
- Completed reload, in  2.380 seconds
Platform modules already initialized, skipping
Refreshing native plugins compatible for Editor in 1.03 ms, found 3 plugins.
Preloading 0 native plugins for Editor in 0.00 ms.
Unloading 1833 Unused Serialized files (Serialized files now loaded: 0)
System memory in use before: 100.2 MB.
System memory in use after: 100.2 MB.

Unloading 39 unused Assets to reduce memory usage. Loaded Objects now: 2306.
Total: 6.354167 ms (FindLiveObjects: 0.542309 ms CreateObjectMapping: 0.240570 ms MarkObjects: 5.308139 ms  DeleteObjects: 0.259044 ms)

========================================================================
Received Prepare
Registering precompiled user dll's ...
Registered in 0.015479 seconds.
Begin MonoManager ReloadAssembly
Native extension for WindowsStandalone target not found
Refreshing native plugins compatible for Editor in 1.88 ms, found 3 plugins.
Preloading 0 native plugins for Editor in 0.00 ms.
Invoked RoslynAnalysisRunner static constructor.
RoslynAnalysisRunner will not be running.
RoslynAnalysisRunner has terminated.
Mono: successfully reloaded assembly
- Completed reload, in  2.053 seconds
Platform modules already initialized, skipping
Refreshing native plugins compatible for Editor in 1.19 ms, found 3 plugins.
Preloading 0 native plugins for Editor in 0.00 ms.
Unloading 1833 Unused Serialized files (Serialized files now loaded: 0)
System memory in use before: 100.2 MB.
System memory in use after: 100.2 MB.

Unloading 39 unused Assets to reduce memory usage. Loaded Objects now: 2309.
Total: 5.210844 ms (FindLiveObjects: 0.557498 ms CreateObjectMapping: 1.372398 ms MarkObjects: 3.082251 ms  DeleteObjects: 0.195822 ms)

========================================================================
Received Prepare
Registering precompiled user dll's ...
Registered in 0.025178 seconds.
Begin MonoManager ReloadAssembly
Native extension for WindowsStandalone target not found
Refreshing native plugins compatible for Editor in 0.89 ms, found 3 plugins.
Preloading 0 native plugins for Editor in 0.00 ms.
Invoked RoslynAnalysisRunner static constructor.
RoslynAnalysisRunner will not be running.
RoslynAnalysisRunner has terminated.
Mono: successfully reloaded assembly
- Completed reload, in  2.056 seconds
Platform modules already initialized, skipping
Refreshing native plugins compatible for Editor in 0.84 ms, found 3 plugins.
Preloading 0 native plugins for Editor in 0.00 ms.
Unloading 1833 Unused Serialized files (Serialized files now loaded: 0)
System memory in use before: 100.2 MB.
System memory in use after: 100.2 MB.

Unloading 39 unused Assets to reduce memory usage. Loaded Objects now: 2312.
Total: 3.347863 ms (FindLiveObjects: 0.376866 ms CreateObjectMapping: 0.190896 ms MarkObjects: 2.572374 ms  DeleteObjects: 0.205264 ms)

========================================================================
Received Prepare
Registering precompiled user dll's ...
Registered in 0.024183 seconds.
Begin MonoManager ReloadAssembly
Native extension for WindowsStandalone target not found
Refreshing native plugins compatible for Editor in 1.61 ms, found 3 plugins.
Preloading 0 native plugins for Editor in 0.00 ms.
Invoked RoslynAnalysisRunner static constructor.
RoslynAnalysisRunner will not be running.
RoslynAnalysisRunner has terminated.
Mono: successfully reloaded assembly
- Completed reload, in  2.164 seconds
Platform modules already initialized, skipping
Refreshing native plugins compatible for Editor in 1.03 ms, found 3 plugins.
Preloading 0 native plugins for Editor in 0.00 ms.
Unloading 1833 Unused Serialized files (Serialized files now loaded: 0)
System memory in use before: 100.2 MB.
System memory in use after: 100.2 MB.

Unloading 39 unused Assets to reduce memory usage. Loaded Objects now: 2315.
Total: 5.880827 ms (FindLiveObjects: 0.382202 ms CreateObjectMapping: 0.107969 ms MarkObjects: 5.116011 ms  DeleteObjects: 0.271770 ms)

========================================================================
Received Prepare
Registering precompiled user dll's ...
Registered in 0.030494 seconds.
Begin MonoManager ReloadAssembly
Native extension for WindowsStandalone target not found
Refreshing native plugins compatible for Editor in 0.88 ms, found 3 plugins.
Preloading 0 native plugins for Editor in 0.00 ms.
Invoked RoslynAnalysisRunner static constructor.
RoslynAnalysisRunner will not be running.
RoslynAnalysisRunner has terminated.
Mono: successfully reloaded assembly
- Completed reload, in  1.955 seconds
Platform modules already initialized, skipping
Refreshing native plugins compatible for Editor in 0.84 ms, found 3 plugins.
Preloading 0 native plugins for Editor in 0.00 ms.
Unloading 1833 Unused Serialized files (Serialized files now loaded: 0)
System memory in use before: 100.2 MB.
System memory in use after: 100.2 MB.

Unloading 39 unused Assets to reduce memory usage. Loaded Objects now: 2318.
Total: 3.903719 ms (FindLiveObjects: 0.263149 ms CreateObjectMapping: 0.102222 ms MarkObjects: 3.319537 ms  DeleteObjects: 0.216349 ms)

========================================================================
Received Prepare
Registering precompiled user dll's ...
Registered in 0.013477 seconds.
Begin MonoManager ReloadAssembly
Native extension for WindowsStandalone target not found
Refreshing native plugins compatible for Editor in 0.92 ms, found 3 plugins.
Preloading 0 native plugins for Editor in 0.00 ms.
Invoked RoslynAnalysisRunner static constructor.
RoslynAnalysisRunner will not be running.
RoslynAnalysisRunner has terminated.
Mono: successfully reloaded assembly
- Completed reload, in  2.190 seconds
Platform modules already initialized, skipping
Refreshing native plugins compatible for Editor in 1.30 ms, found 3 plugins.
Preloading 0 native plugins for Editor in 0.00 ms.
Unloading 1833 Unused Serialized files (Serialized files now loaded: 0)
System memory in use before: 100.2 MB.
System memory in use after: 100.2 MB.

Unloading 39 unused Assets to reduce memory usage. Loaded Objects now: 2321.
Total: 4.218595 ms (FindLiveObjects: 0.246728 ms CreateObjectMapping: 0.099759 ms MarkObjects: 3.611833 ms  DeleteObjects: 0.256581 ms)

========================================================================
Received Prepare
Registering precompiled user dll's ...
Registered in 0.015138 seconds.
Begin MonoManager ReloadAssembly
Native extension for WindowsStandalone target not found
Refreshing native plugins compatible for Editor in 0.97 ms, found 3 plugins.
Preloading 0 native plugins for Editor in 0.00 ms.
Invoked RoslynAnalysisRunner static constructor.
RoslynAnalysisRunner will not be running.
RoslynAnalysisRunner has terminated.
Mono: successfully reloaded assembly
- Completed reload, in  2.236 seconds
Platform modules already initialized, skipping
Refreshing native plugins compatible for Editor in 0.90 ms, found 3 plugins.
Preloading 0 native plugins for Editor in 0.00 ms.
Unloading 1833 Unused Serialized files (Serialized files now loaded: 0)
System memory in use before: 100.2 MB.
System memory in use after: 100.2 MB.

Unloading 39 unused Assets to reduce memory usage. Loaded Objects now: 2324.
Total: 3.858561 ms (FindLiveObjects: 0.506593 ms CreateObjectMapping: 0.147380 ms MarkObjects: 3.002198 ms  DeleteObjects: 0.199517 ms)

========================================================================
Received Prepare
Registering precompiled user dll's ...
Registered in 0.021417 seconds.
Begin MonoManager ReloadAssembly
Native extension for WindowsStandalone target not found
Refreshing native plugins compatible for Editor in 0.86 ms, found 3 plugins.
Preloading 0 native plugins for Editor in 0.00 ms.
Invoked RoslynAnalysisRunner static constructor.
RoslynAnalysisRunner will not be running.
RoslynAnalysisRunner has terminated.
Mono: successfully reloaded assembly
- Completed reload, in  2.381 seconds
Platform modules already initialized, skipping
Refreshing native plugins compatible for Editor in 0.88 ms, found 3 plugins.
Preloading 0 native plugins for Editor in 0.00 ms.
Unloading 1833 Unused Serialized files (Serialized files now loaded: 0)
System memory in use before: 100.3 MB.
System memory in use after: 100.2 MB.

Unloading 39 unused Assets to reduce memory usage. Loaded Objects now: 2327.
Total: 3.975973 ms (FindLiveObjects: 0.325960 ms CreateObjectMapping: 0.161748 ms MarkObjects: 3.253442 ms  DeleteObjects: 0.233180 ms)

========================================================================
Received Prepare
Registering precompiled user dll's ...
Registered in 0.018201 seconds.
Begin MonoManager ReloadAssembly
Native extension for WindowsStandalone target not found
Refreshing native plugins compatible for Editor in 0.86 ms, found 3 plugins.
Preloading 0 native plugins for Editor in 0.00 ms.
Invoked RoslynAnalysisRunner static constructor.
RoslynAnalysisRunner will not be running.
RoslynAnalysisRunner has terminated.
Mono: successfully reloaded assembly
- Completed reload, in  2.356 seconds
Platform modules already initialized, skipping
Refreshing native plugins compatible for Editor in 0.84 ms, found 3 plugins.
Preloading 0 native plugins for Editor in 0.00 ms.
Unloading 1833 Unused Serialized files (Serialized files now loaded: 0)
System memory in use before: 100.3 MB.
System memory in use after: 100.2 MB.

Unloading 39 unused Assets to reduce memory usage. Loaded Objects now: 2330.
Total: 5.141464 ms (FindLiveObjects: 1.604347 ms CreateObjectMapping: 0.328834 ms MarkObjects: 2.993166 ms  DeleteObjects: 0.211012 ms)

========================================================================
Received Prepare
Registering precompiled user dll's ...
Registered in 0.015780 seconds.
Begin MonoManager ReloadAssembly
Native extension for WindowsStandalone target not found
Refreshing native plugins compatible for Editor in 0.91 ms, found 3 plugins.
Preloading 0 native plugins for Editor in 0.00 ms.
Invoked RoslynAnalysisRunner static constructor.
RoslynAnalysisRunner will not be running.
RoslynAnalysisRunner has terminated.
Mono: successfully reloaded assembly
- Completed reload, in  2.694 seconds
Platform modules already initialized, skipping
Refreshing native plugins compatible for Editor in 0.93 ms, found 3 plugins.
Preloading 0 native plugins for Editor in 0.00 ms.
Unloading 1833 Unused Serialized files (Serialized files now loaded: 0)
System memory in use before: 100.3 MB.
System memory in use after: 100.3 MB.

Unloading 39 unused Assets to reduce memory usage. Loaded Objects now: 2333.
Total: 6.757717 ms (FindLiveObjects: 0.488529 ms CreateObjectMapping: 0.133832 ms MarkObjects: 5.948153 ms  DeleteObjects: 0.183917 ms)

========================================================================
Received Prepare
Registering precompiled user dll's ...
Registered in 0.015158 seconds.
Begin MonoManager ReloadAssembly
Native extension for WindowsStandalone target not found
Refreshing native plugins compatible for Editor in 0.88 ms, found 3 plugins.
Preloading 0 native plugins for Editor in 0.00 ms.
Invoked RoslynAnalysisRunner static constructor.
RoslynAnalysisRunner will not be running.
RoslynAnalysisRunner has terminated.
Mono: successfully reloaded assembly
- Completed reload, in  2.377 seconds
Platform modules already initialized, skipping
Refreshing native plugins compatible for Editor in 2.43 ms, found 3 plugins.
Preloading 0 native plugins for Editor in 0.00 ms.
Unloading 1833 Unused Serialized files (Serialized files now loaded: 0)
System memory in use before: 100.3 MB.
System memory in use after: 100.3 MB.

Unloading 39 unused Assets to reduce memory usage. Loaded Objects now: 2336.
Total: 3.109346 ms (FindLiveObjects: 0.282854 ms CreateObjectMapping: 0.103453 ms MarkObjects: 2.479184 ms  DeleteObjects: 0.241391 ms)

========================================================================
Received Prepare
Registering precompiled user dll's ...
Registered in 0.030512 seconds.
Begin MonoManager ReloadAssembly
Native extension for WindowsStandalone target not found
Refreshing native plugins compatible for Editor in 0.90 ms, found 3 plugins.
Preloading 0 native plugins for Editor in 0.00 ms.
Invoked RoslynAnalysisRunner static constructor.
RoslynAnalysisRunner will not be running.
RoslynAnalysisRunner has terminated.
Mono: successfully reloaded assembly
- Completed reload, in  3.075 seconds
Platform modules already initialized, skipping
Refreshing native plugins compatible for Editor in 1.36 ms, found 3 plugins.
Preloading 0 native plugins for Editor in 0.00 ms.
Unloading 1833 Unused Serialized files (Serialized files now loaded: 0)
System memory in use before: 100.3 MB.
System memory in use after: 100.3 MB.

Unloading 39 unused Assets to reduce memory usage. Loaded Objects now: 2339.
Total: 12.070371 ms (FindLiveObjects: 0.314465 ms CreateObjectMapping: 0.140811 ms MarkObjects: 11.387251 ms  DeleteObjects: 0.224149 ms)

========================================================================
Received Prepare
Registering precompiled user dll's ...
Registered in 0.013881 seconds.
Begin MonoManager ReloadAssembly
Native extension for WindowsStandalone target not found
Refreshing native plugins compatible for Editor in 1.07 ms, found 3 plugins.
Preloading 0 native plugins for Editor in 0.00 ms.
Invoked RoslynAnalysisRunner static constructor.
RoslynAnalysisRunner will not be running.
RoslynAnalysisRunner has terminated.
Mono: successfully reloaded assembly
- Completed reload, in  2.991 seconds
Platform modules already initialized, skipping
Refreshing native plugins compatible for Editor in 0.96 ms, found 3 plugins.
Preloading 0 native plugins for Editor in 0.00 ms.
Unloading 1833 Unused Serialized files (Serialized files now loaded: 0)
System memory in use before: 100.3 MB.
System memory in use after: 100.3 MB.

Unloading 39 unused Assets to reduce memory usage. Loaded Objects now: 2342.
Total: 3.709539 ms (FindLiveObjects: 0.442961 ms CreateObjectMapping: 0.146559 ms MarkObjects: 2.845376 ms  DeleteObjects: 0.271360 ms)

========================================================================
Received Prepare
Registering precompiled user dll's ...
Registered in 0.012600 seconds.
Begin MonoManager ReloadAssembly
Native extension for WindowsStandalone target not found
Refreshing native plugins compatible for Editor in 1.48 ms, found 3 plugins.
Preloading 0 native plugins for Editor in 0.00 ms.
Invoked RoslynAnalysisRunner static constructor.
RoslynAnalysisRunner will not be running.
RoslynAnalysisRunner has terminated.
Mono: successfully reloaded assembly
- Completed reload, in  2.936 seconds
Platform modules already initialized, skipping
Refreshing native plugins compatible for Editor in 0.86 ms, found 3 plugins.
Preloading 0 native plugins for Editor in 0.00 ms.
Unloading 1833 Unused Serialized files (Serialized files now loaded: 0)
System memory in use before: 100.3 MB.
System memory in use after: 100.3 MB.

Unloading 39 unused Assets to reduce memory usage. Loaded Objects now: 2345.
Total: 9.488555 ms (FindLiveObjects: 0.390002 ms CreateObjectMapping: 0.125622 ms MarkObjects: 8.684329 ms  DeleteObjects: 0.286960 ms)

========================================================================
Received Prepare
Registering precompiled user dll's ...
Registered in 0.014875 seconds.
Begin MonoManager ReloadAssembly
Native extension for WindowsStandalone target not found
Refreshing native plugins compatible for Editor in 0.88 ms, found 3 plugins.
Preloading 0 native plugins for Editor in 0.00 ms.
Invoked RoslynAnalysisRunner static constructor.
RoslynAnalysisRunner will not be running.
RoslynAnalysisRunner has terminated.
Mono: successfully reloaded assembly
- Completed reload, in  2.705 seconds
Platform modules already initialized, skipping
Refreshing native plugins compatible for Editor in 4.57 ms, found 3 plugins.
Preloading 0 native plugins for Editor in 0.00 ms.
Unloading 1833 Unused Serialized files (Serialized files now loaded: 0)
System memory in use before: 100.3 MB.
System memory in use after: 100.3 MB.

Unloading 39 unused Assets to reduce memory usage. Loaded Objects now: 2348.
Total: 3.135620 ms (FindLiveObjects: 0.250423 ms CreateObjectMapping: 0.092369 ms MarkObjects: 2.530090 ms  DeleteObjects: 0.259865 ms)

========================================================================
Received Prepare
Registering precompiled user dll's ...
Registered in 0.015561 seconds.
Begin MonoManager ReloadAssembly
Native extension for WindowsStandalone target not found
Refreshing native plugins compatible for Editor in 1.05 ms, found 3 plugins.
Preloading 0 native plugins for Editor in 0.00 ms.
Invoked RoslynAnalysisRunner static constructor.
RoslynAnalysisRunner will not be running.
RoslynAnalysisRunner has terminated.
Mono: successfully reloaded assembly
- Completed reload, in  2.497 seconds
Platform modules already initialized, skipping
Refreshing native plugins compatible for Editor in 0.93 ms, found 3 plugins.
Preloading 0 native plugins for Editor in 0.00 ms.
Unloading 1833 Unused Serialized files (Serialized files now loaded: 0)
System memory in use before: 100.3 MB.
System memory in use after: 100.3 MB.

Unloading 39 unused Assets to reduce memory usage. Loaded Objects now: 2351.
Total: 5.509298 ms (FindLiveObjects: 0.431466 ms CreateObjectMapping: 0.173243 ms MarkObjects: 4.640619 ms  DeleteObjects: 0.261096 ms)

========================================================================
Received Prepare
Registering precompiled user dll's ...
Registered in 0.014907 seconds.
Begin MonoManager ReloadAssembly
Native extension for WindowsStandalone target not found
Refreshing native plugins compatible for Editor in 1.37 ms, found 3 plugins.
Preloading 0 native plugins for Editor in 0.00 ms.
Invoked RoslynAnalysisRunner static constructor.
RoslynAnalysisRunner will not be running.
RoslynAnalysisRunner has terminated.
Mono: successfully reloaded assembly
- Completed reload, in  2.335 seconds
Platform modules already initialized, skipping
Refreshing native plugins compatible for Editor in 0.87 ms, found 3 plugins.
Preloading 0 native plugins for Editor in 0.00 ms.
Unloading 1833 Unused Serialized files (Serialized files now loaded: 0)
System memory in use before: 100.3 MB.
System memory in use after: 100.3 MB.

Unloading 39 unused Assets to reduce memory usage. Loaded Objects now: 2354.
Total: 3.802319 ms (FindLiveObjects: 0.446655 ms CreateObjectMapping: 0.165443 ms MarkObjects: 2.851534 ms  DeleteObjects: 0.336634 ms)

========================================================================
Received Prepare
Registering precompiled user dll's ...
Registered in 0.014804 seconds.
Begin MonoManager ReloadAssembly
Native extension for WindowsStandalone target not found
Refreshing native plugins compatible for Editor in 0.96 ms, found 3 plugins.
Preloading 0 native plugins for Editor in 0.00 ms.
Invoked RoslynAnalysisRunner static constructor.
RoslynAnalysisRunner will not be running.
RoslynAnalysisRunner has terminated.
Mono: successfully reloaded assembly
- Completed reload, in  2.148 seconds
Platform modules already initialized, skipping
Refreshing native plugins compatible for Editor in 1.02 ms, found 3 plugins.
Preloading 0 native plugins for Editor in 0.00 ms.
Unloading 1833 Unused Serialized files (Serialized files now loaded: 0)
System memory in use before: 100.3 MB.
System memory in use after: 100.3 MB.

Unloading 39 unused Assets to reduce memory usage. Loaded Objects now: 2357.
Total: 5.805289 ms (FindLiveObjects: 0.393697 ms CreateObjectMapping: 0.121927 ms MarkObjects: 4.046173 ms  DeleteObjects: 1.239387 ms)

========================================================================
Received Prepare
Registering precompiled user dll's ...
Registered in 0.014041 seconds.
Begin MonoManager ReloadAssembly
Native extension for WindowsStandalone target not found
Refreshing native plugins compatible for Editor in 0.84 ms, found 3 plugins.
Preloading 0 native plugins for Editor in 0.00 ms.
Invoked RoslynAnalysisRunner static constructor.
RoslynAnalysisRunner will not be running.
RoslynAnalysisRunner has terminated.
Mono: successfully reloaded assembly
- Completed reload, in  1.885 seconds
Platform modules already initialized, skipping
Refreshing native plugins compatible for Editor in 1.11 ms, found 3 plugins.
Preloading 0 native plugins for Editor in 0.00 ms.
Unloading 1833 Unused Serialized files (Serialized files now loaded: 0)
System memory in use before: 100.3 MB.
System memory in use after: 100.3 MB.

Unloading 39 unused Assets to reduce memory usage. Loaded Objects now: 2360.
Total: 3.083893 ms (FindLiveObjects: 0.247549 ms CreateObjectMapping: 0.121106 ms MarkObjects: 2.522290 ms  DeleteObjects: 0.190896 ms)

========================================================================
Received Prepare
Registering precompiled user dll's ...
Registered in 0.013275 seconds.
Begin MonoManager ReloadAssembly
Native extension for WindowsStandalone target not found
Refreshing native plugins compatible for Editor in 0.86 ms, found 3 plugins.
Preloading 0 native plugins for Editor in 0.00 ms.
Invoked RoslynAnalysisRunner static constructor.
RoslynAnalysisRunner will not be running.
RoslynAnalysisRunner has terminated.
Mono: successfully reloaded assembly
- Completed reload, in  1.576 seconds
Platform modules already initialized, skipping
Refreshing native plugins compatible for Editor in 1.02 ms, found 3 plugins.
Preloading 0 native plugins for Editor in 0.00 ms.
Unloading 1833 Unused Serialized files (Serialized files now loaded: 0)
System memory in use before: 100.3 MB.
System memory in use after: 100.3 MB.

Unloading 39 unused Assets to reduce memory usage. Loaded Objects now: 2363.
Total: 3.256315 ms (FindLiveObjects: 0.380560 ms CreateObjectMapping: 0.093601 ms MarkObjects: 2.515311 ms  DeleteObjects: 0.264381 ms)

========================================================================
Received Prepare
Registering precompiled user dll's ...
Registered in 0.011625 seconds.
Begin MonoManager ReloadAssembly
Native extension for WindowsStandalone target not found
Refreshing native plugins compatible for Editor in 0.89 ms, found 3 plugins.
Preloading 0 native plugins for Editor in 0.00 ms.
Invoked RoslynAnalysisRunner static constructor.
RoslynAnalysisRunner will not be running.
RoslynAnalysisRunner has terminated.
Mono: successfully reloaded assembly
- Completed reload, in  1.935 seconds
Platform modules already initialized, skipping
Refreshing native plugins compatible for Editor in 0.91 ms, found 3 plugins.
Preloading 0 native plugins for Editor in 0.00 ms.
Unloading 1833 Unused Serialized files (Serialized files now loaded: 0)
System memory in use before: 100.4 MB.
System memory in use after: 100.3 MB.

Unloading 39 unused Assets to reduce memory usage. Loaded Objects now: 2366.
Total: 3.232094 ms (FindLiveObjects: 0.363729 ms CreateObjectMapping: 0.104274 ms MarkObjects: 2.552669 ms  DeleteObjects: 0.209370 ms)

========================================================================
Received Prepare
Registering precompiled user dll's ...
Registered in 0.014616 seconds.
Begin MonoManager ReloadAssembly
Native extension for WindowsStandalone target not found
Refreshing native plugins compatible for Editor in 0.96 ms, found 3 plugins.
Preloading 0 native plugins for Editor in 0.00 ms.
Invoked RoslynAnalysisRunner static constructor.
RoslynAnalysisRunner will not be running.
RoslynAnalysisRunner has terminated.
Mono: successfully reloaded assembly
- Completed reload, in  1.971 seconds
Platform modules already initialized, skipping
Refreshing native plugins compatible for Editor in 1.38 ms, found 3 plugins.
Preloading 0 native plugins for Editor in 0.00 ms.
Unloading 1833 Unused Serialized files (Serialized files now loaded: 0)
System memory in use before: 100.4 MB.
System memory in use after: 100.4 MB.

Unloading 39 unused Assets to reduce memory usage. Loaded Objects now: 2369.
Total: 4.510892 ms (FindLiveObjects: 0.599783 ms CreateObjectMapping: 0.273823 ms MarkObjects: 3.434485 ms  DeleteObjects: 0.200338 ms)

========================================================================
Received Prepare
Registering precompiled user dll's ...
Registered in 0.010569 seconds.
Begin MonoManager ReloadAssembly
Native extension for WindowsStandalone target not found
Refreshing native plugins compatible for Editor in 0.87 ms, found 3 plugins.
Preloading 0 native plugins for Editor in 0.00 ms.
Invoked RoslynAnalysisRunner static constructor.
RoslynAnalysisRunner will not be running.
RoslynAnalysisRunner has terminated.
Mono: successfully reloaded assembly
- Completed reload, in  1.714 seconds
Platform modules already initialized, skipping
Refreshing native plugins compatible for Editor in 0.89 ms, found 3 plugins.
Preloading 0 native plugins for Editor in 0.00 ms.
Unloading 1833 Unused Serialized files (Serialized files now loaded: 0)
System memory in use before: 100.4 MB.
System memory in use after: 100.4 MB.

Unloading 39 unused Assets to reduce memory usage. Loaded Objects now: 2372.
Total: 3.308453 ms (FindLiveObjects: 0.255349 ms CreateObjectMapping: 0.098527 ms MarkObjects: 2.696354 ms  DeleteObjects: 0.254938 ms)

========================================================================
Received Prepare
Registering precompiled user dll's ...
Registered in 0.012495 seconds.
Begin MonoManager ReloadAssembly
Native extension for WindowsStandalone target not found
Refreshing native plugins compatible for Editor in 0.90 ms, found 3 plugins.
Preloading 0 native plugins for Editor in 0.00 ms.
Invoked RoslynAnalysisRunner static constructor.
RoslynAnalysisRunner will not be running.
RoslynAnalysisRunner has terminated.
Mono: successfully reloaded assembly
- Completed reload, in  1.771 seconds
Platform modules already initialized, skipping
Refreshing native plugins compatible for Editor in 0.97 ms, found 3 plugins.
Preloading 0 native plugins for Editor in 0.00 ms.
Unloading 1833 Unused Serialized files (Serialized files now loaded: 0)
System memory in use before: 100.4 MB.
System memory in use after: 100.4 MB.

Unloading 39 unused Assets to reduce memory usage. Loaded Objects now: 2375.
Total: 4.248564 ms (FindLiveObjects: 0.479498 ms CreateObjectMapping: 0.128496 ms MarkObjects: 3.434074 ms  DeleteObjects: 0.202391 ms)

========================================================================
Received Prepare
Registering precompiled user dll's ...
Registered in 0.010901 seconds.
Begin MonoManager ReloadAssembly
Native extension for WindowsStandalone target not found
Refreshing native plugins compatible for Editor in 0.94 ms, found 3 plugins.
Preloading 0 native plugins for Editor in 0.00 ms.
Invoked RoslynAnalysisRunner static constructor.
RoslynAnalysisRunner will not be running.
RoslynAnalysisRunner has terminated.
Mono: successfully reloaded assembly
- Completed reload, in  1.785 seconds
Platform modules already initialized, skipping
Refreshing native plugins compatible for Editor in 0.90 ms, found 3 plugins.
Preloading 0 native plugins for Editor in 0.00 ms.
Unloading 1833 Unused Serialized files (Serialized files now loaded: 0)
System memory in use before: 100.4 MB.
System memory in use after: 100.4 MB.

Unloading 39 unused Assets to reduce memory usage. Loaded Objects now: 2378.
Total: 3.351969 ms (FindLiveObjects: 0.445424 ms CreateObjectMapping: 0.100990 ms MarkObjects: 2.590848 ms  DeleteObjects: 0.211833 ms)

========================================================================
Received Prepare
Registering precompiled user dll's ...
Registered in 0.127865 seconds.
Begin MonoManager ReloadAssembly
Native extension for WindowsStandalone target not found
Refreshing native plugins compatible for Editor in 0.96 ms, found 3 plugins.
Preloading 0 native plugins for Editor in 0.00 ms.
Invoked RoslynAnalysisRunner static constructor.
RoslynAnalysisRunner will not be running.
RoslynAnalysisRunner has terminated.
Mono: successfully reloaded assembly
- Completed reload, in  1.983 seconds
Platform modules already initialized, skipping
Refreshing native plugins compatible for Editor in 3.24 ms, found 3 plugins.
Preloading 0 native plugins for Editor in 0.00 ms.
Unloading 1833 Unused Serialized files (Serialized files now loaded: 0)
System memory in use before: 100.4 MB.
System memory in use after: 100.4 MB.

Unloading 39 unused Assets to reduce memory usage. Loaded Objects now: 2381.
Total: 5.405845 ms (FindLiveObjects: 1.135112 ms CreateObjectMapping: 0.310360 ms MarkObjects: 3.757982 ms  DeleteObjects: 0.197875 ms)

========================================================================
Received Prepare
Registering precompiled user dll's ...
Registered in 0.011727 seconds.
Begin MonoManager ReloadAssembly
Native extension for WindowsStandalone target not found
Refreshing native plugins compatible for Editor in 0.90 ms, found 3 plugins.
Preloading 0 native plugins for Editor in 0.00 ms.
Invoked RoslynAnalysisRunner static constructor.
RoslynAnalysisRunner will not be running.
RoslynAnalysisRunner has terminated.
Mono: successfully reloaded assembly
- Completed reload, in  6.508 seconds
Platform modules already initialized, skipping
Refreshing native plugins compatible for Editor in 0.85 ms, found 3 plugins.
Preloading 0 native plugins for Editor in 0.00 ms.
Unloading 1833 Unused Serialized files (Serialized files now loaded: 0)
System memory in use before: 100.4 MB.
System memory in use after: 100.4 MB.

Unloading 39 unused Assets to reduce memory usage. Loaded Objects now: 2384.
Total: 4.203816 ms (FindLiveObjects: 0.663004 ms CreateObjectMapping: 0.231128 ms MarkObjects: 3.094156 ms  DeleteObjects: 0.213065 ms)

========================================================================
Received Prepare
Registering precompiled user dll's ...
Registered in 0.011696 seconds.
Begin MonoManager ReloadAssembly
Native extension for WindowsStandalone target not found
Refreshing native plugins compatible for Editor in 0.91 ms, found 3 plugins.
Preloading 0 native plugins for Editor in 0.00 ms.
Invoked RoslynAnalysisRunner static constructor.
RoslynAnalysisRunner will not be running.
RoslynAnalysisRunner has terminated.
Mono: successfully reloaded assembly
- Completed reload, in  3.103 seconds
Platform modules already initialized, skipping
Refreshing native plugins compatible for Editor in 0.89 ms, found 3 plugins.
Preloading 0 native plugins for Editor in 0.00 ms.
Unloading 1833 Unused Serialized files (Serialized files now loaded: 0)
System memory in use before: 100.4 MB.
System memory in use after: 100.4 MB.

Unloading 39 unused Assets to reduce memory usage. Loaded Objects now: 2387.
Total: 4.987105 ms (FindLiveObjects: 0.375634 ms CreateObjectMapping: 0.109201 ms MarkObjects: 4.219827 ms  DeleteObjects: 0.280391 ms)

========================================================================
Received Prepare
Registering precompiled user dll's ...
Registered in 0.016383 seconds.
Begin MonoManager ReloadAssembly
Native extension for WindowsStandalone target not found
Refreshing native plugins compatible for Editor in 0.88 ms, found 3 plugins.
Preloading 0 native plugins for Editor in 0.00 ms.
Invoked RoslynAnalysisRunner static constructor.
RoslynAnalysisRunner will not be running.
RoslynAnalysisRunner has terminated.
Mono: successfully reloaded assembly
- Completed reload, in  2.691 seconds
Platform modules already initialized, skipping
Refreshing native plugins compatible for Editor in 1.19 ms, found 3 plugins.
Preloading 0 native plugins for Editor in 0.00 ms.
Unloading 1833 Unused Serialized files (Serialized files now loaded: 0)
System memory in use before: 100.4 MB.
System memory in use after: 100.4 MB.

Unloading 39 unused Assets to reduce memory usage. Loaded Objects now: 2390.
Total: 3.268221 ms (FindLiveObjects: 0.477035 ms CreateObjectMapping: 0.101401 ms MarkObjects: 2.477131 ms  DeleteObjects: 0.209370 ms)

========================================================================
Received Prepare
Registering precompiled user dll's ...
Registered in 0.013173 seconds.
Begin MonoManager ReloadAssembly
Native extension for WindowsStandalone target not found
Refreshing native plugins compatible for Editor in 0.86 ms, found 3 plugins.
Preloading 0 native plugins for Editor in 0.00 ms.
Invoked RoslynAnalysisRunner static constructor.
RoslynAnalysisRunner will not be running.
RoslynAnalysisRunner has terminated.
Mono: successfully reloaded assembly
- Completed reload, in  1.799 seconds
Platform modules already initialized, skipping
Refreshing native plugins compatible for Editor in 0.97 ms, found 3 plugins.
Preloading 0 native plugins for Editor in 0.00 ms.
Unloading 1833 Unused Serialized files (Serialized files now loaded: 0)
System memory in use before: 100.4 MB.
System memory in use after: 100.4 MB.

Unloading 39 unused Assets to reduce memory usage. Loaded Objects now: 2393.
Total: 3.517412 ms (FindLiveObjects: 0.425308 ms CreateObjectMapping: 0.136706 ms MarkObjects: 2.753828 ms  DeleteObjects: 0.200338 ms)

========================================================================
Received Prepare
Registering precompiled user dll's ...
Registered in 0.012132 seconds.
Begin MonoManager ReloadAssembly
Native extension for WindowsStandalone target not found
Refreshing native plugins compatible for Editor in 0.95 ms, found 3 plugins.
Preloading 0 native plugins for Editor in 0.00 ms.
Invoked RoslynAnalysisRunner static constructor.
RoslynAnalysisRunner will not be running.
RoslynAnalysisRunner has terminated.
Mono: successfully reloaded assembly
- Completed reload, in  2.418 seconds
Platform modules already initialized, skipping
Refreshing native plugins compatible for Editor in 0.93 ms, found 3 plugins.
Preloading 0 native plugins for Editor in 0.00 ms.
Unloading 1833 Unused Serialized files (Serialized files now loaded: 0)
System memory in use before: 100.5 MB.
System memory in use after: 100.4 MB.

Unloading 39 unused Assets to reduce memory usage. Loaded Objects now: 2396.
Total: 3.575707 ms (FindLiveObjects: 0.499614 ms CreateObjectMapping: 0.108380 ms MarkObjects: 2.769428 ms  DeleteObjects: 0.195001 ms)

