Using pre-set license
Built from '2020.2/staging' branch; Version is '2020.2.3f1 (8ff31bc5bf5b) revision 9433883'; Using compiler version '192528614'; Build Type 'Release'
OS: 'Windows 8.1  (6.3.0) 64bit' Language: 'ru' Physical Memory: 5982 MB
BatchMode: 1, IsHumanControllingUs: 0, StartBugReporterOnCrash: 0, Is64bit: 1, IsPro: 0

 COMMAND LINE ARGUMENTS:
C:\Program Files\Unity\Hub\Editor\2020.2.3f1\Editor\Unity.exe
-adb2
-batchMode
-noUpm
-name
AssetImportWorker14
-projectPath
D:/Unity/TDM
-logFile
Logs/AssetImportWorker14.log
-srvPort
50324
Successfully changed project path to: D:/Unity/TDM
D:/Unity/TDM
Using Asset Import Pipeline V2.
Refreshing native plugins compatible for Editor in 62.70 ms, found 2 plugins.
Preloading 0 native plugins for Editor in 0.00 ms.
Initialize engine version: 2020.2.3f1 (8ff31bc5bf5b)
[Subsystems] Discovering subsystems at path C:/Program Files/Unity/Hub/Editor/2020.2.3f1/Editor/Data/Resources/UnitySubsystems
[Subsystems] Discovering subsystems at path D:/Unity/TDM/Assets
GfxDevice: creating device client; threaded=0
d3d11: QueryInterface(IDXGIFactory5) failed (80004002).
Direct3D:
    Version:  Direct3D 11.0 [level 11.0]
    Renderer: NVIDIA GeForce GT 640M (ID=0xfd2)
    Vendor:   
    VRAM:     1986 MB
    Driver:   22.21.13.8494
Initialize mono
Mono path[0] = 'C:/Program Files/Unity/Hub/Editor/2020.2.3f1/Editor/Data/Managed'
Mono path[1] = 'C:/Program Files/Unity/Hub/Editor/2020.2.3f1/Editor/Data/MonoBleedingEdge/lib/mono/unityjit'
Mono config path = 'C:/Program Files/Unity/Hub/Editor/2020.2.3f1/Editor/Data/MonoBleedingEdge/etc'
Using monoOptions --debugger-agent=transport=dt_socket,embedding=1,server=y,suspend=n,address=127.0.0.1:56336
Begin MonoManager ReloadAssembly
Registering precompiled unity dll's ...
Register platform support module: C:/Program Files/Unity/Hub/Editor/2020.2.3f1/Editor/Data/PlaybackEngines/WindowsStandaloneSupport/UnityEditor.WindowsStandalone.Extensions.dll
Registered in 0.002155 seconds.
Native extension for WindowsStandalone target not found
Refreshing native plugins compatible for Editor in 63.03 ms, found 2 plugins.
Preloading 0 native plugins for Editor in 0.00 ms.
Invoked RoslynAnalysisRunner static constructor.
RoslynAnalysisRunner will not be running.
RoslynAnalysisRunner has terminated.
Mono: successfully reloaded assembly
- Completed reload, in  1.533 seconds
Platform modules already initialized, skipping
Registering precompiled user dll's ...
Registered in 0.004655 seconds.
Begin MonoManager ReloadAssembly
Native extension for WindowsStandalone target not found
Refreshing native plugins compatible for Editor in 78.93 ms, found 2 plugins.
Preloading 0 native plugins for Editor in 0.00 ms.
Invoked RoslynAnalysisRunner static constructor.
RoslynAnalysisRunner will not be running.
RoslynAnalysisRunner has terminated.
Mono: successfully reloaded assembly
- Completed reload, in  4.502 seconds
Platform modules already initialized, skipping
========================================================================
Worker process is ready to serve import requests
Launched and connected shader compiler UnityShaderCompiler.exe after 2.73 seconds
Refreshing native plugins compatible for Editor in 1.44 ms, found 2 plugins.
Preloading 0 native plugins for Editor in 0.00 ms.
Unloading 1817 Unused Serialized files (Serialized files now loaded: 0)
System memory in use before: 85.1 MB.
System memory in use after: 85.0 MB.

Unloading 31 unused Assets to reduce memory usage. Loaded Objects now: 2253.
Total: 4.893499 ms (FindLiveObjects: 0.419971 ms CreateObjectMapping: 0.142453 ms MarkObjects: 3.974326 ms  DeleteObjects: 0.352644 ms)

========================================================================
Received Import Request.
  path: Assets/Scripts/GameScripts/Game/CreateWorld.cs
  artifactKey: Guid(c01b5df23f837954a844c19f18730c95) Importer(815301076,1909f56bfc062723c751e8b465ee728b)
Start importing Assets/Scripts/GameScripts/Game/CreateWorld.cs using Guid(c01b5df23f837954a844c19f18730c95) Importer(815301076,1909f56bfc062723c751e8b465ee728b)  -> (artifact id: '258138558e51d1f5a2b0ab9446bc1d55') in 1.708892 seconds
  Import took 1.883925 seconds .

========================================================================
Received Import Request.
  Time since last request: 541.570281 seconds.
  path: Assets/Scripts/GameScripts/Tower/FindEnemies.cs
  artifactKey: Guid(b45d86c19e6eb0a45a8ce8957baaa5d0) Importer(815301076,1909f56bfc062723c751e8b465ee728b)
Start importing Assets/Scripts/GameScripts/Tower/FindEnemies.cs using Guid(b45d86c19e6eb0a45a8ce8957baaa5d0) Importer(815301076,1909f56bfc062723c751e8b465ee728b)  -> (artifact id: '95ebf26bc16db6b69e824dc0fad1e8a7') in 0.016327 seconds
  Import took 0.067183 seconds .

========================================================================
Received Import Request.
  Time since last request: 155.043748 seconds.
  path: Assets/Scripts/GameScripts/Tower/Bullet/MoveBullet.cs
  artifactKey: Guid(6b33caddc46e25745862a164cec0ccec) Importer(815301076,1909f56bfc062723c751e8b465ee728b)
Start importing Assets/Scripts/GameScripts/Tower/Bullet/MoveBullet.cs using Guid(6b33caddc46e25745862a164cec0ccec) Importer(815301076,1909f56bfc062723c751e8b465ee728b)  -> (artifact id: '7497ebf464d872654ff8a96e30513757') in 0.026884 seconds
  Import took 0.067208 seconds .

========================================================================
Received Prepare
Registering precompiled user dll's ...
Registered in 0.003001 seconds.
Begin MonoManager ReloadAssembly
Native extension for WindowsStandalone target not found
Refreshing native plugins compatible for Editor in 0.72 ms, found 2 plugins.
Preloading 0 native plugins for Editor in 0.00 ms.
Invoked RoslynAnalysisRunner static constructor.
RoslynAnalysisRunner will not be running.
RoslynAnalysisRunner has terminated.
Mono: successfully reloaded assembly
- Completed reload, in  1.733 seconds
Platform modules already initialized, skipping
Refreshing native plugins compatible for Editor in 0.98 ms, found 2 plugins.
Preloading 0 native plugins for Editor in 0.00 ms.
Unloading 1812 Unused Serialized files (Serialized files now loaded: 0)
System memory in use before: 85.1 MB.
System memory in use after: 85.0 MB.

Unloading 19 unused Assets to reduce memory usage. Loaded Objects now: 2256.
Total: 6.207190 ms (FindLiveObjects: 0.243443 ms CreateObjectMapping: 0.122748 ms MarkObjects: 5.396396 ms  DeleteObjects: 0.440908 ms)

AssetImportWorkerClient::OnTransportError - code=2 error=End of file
