Using pre-set license
Built from '2020.2/staging' branch; Version is '2020.2.3f1 (8ff31bc5bf5b) revision 9433883'; Using compiler version '192528614'; Build Type 'Release'
OS: 'Windows 8.1  (6.3.0) 64bit' Language: 'ru' Physical Memory: 5982 MB
BatchMode: 1, IsHumanControllingUs: 0, StartBugReporterOnCrash: 0, Is64bit: 1, IsPro: 0

 COMMAND LINE ARGUMENTS:
C:\Program Files\Unity\Hub\Editor\2020.2.3f1\Editor\Unity.exe
-adb2
-batchMode
-noUpm
-name
AssetImportWorker4
-projectPath
D:/Unity/TowerDefense
-logFile
Logs/AssetImportWorker4.log
-srvPort
63224
Successfully changed project path to: D:/Unity/TowerDefense
D:/Unity/TowerDefense
Using Asset Import Pipeline V2.
Refreshing native plugins compatible for Editor in 109.56 ms, found 3 plugins.
Preloading 0 native plugins for Editor in 0.00 ms.
Initialize engine version: 2020.2.3f1 (8ff31bc5bf5b)
[Subsystems] Discovering subsystems at path C:/Program Files/Unity/Hub/Editor/2020.2.3f1/Editor/Data/Resources/UnitySubsystems
[Subsystems] Discovering subsystems at path D:/Unity/TowerDefense/Assets
GfxDevice: creating device client; threaded=0
d3d11: QueryInterface(IDXGIFactory5) failed (80004002).
Direct3D:
    Version:  Direct3D 11.0 [level 11.0]
    Renderer: NVIDIA GeForce GT 640M (ID=0xfd2)
    Vendor:   
    VRAM:     1986 MB
    Driver:   22.21.13.8494
Initialize mono
Mono path[0] = 'C:/Program Files/Unity/Hub/Editor/2020.2.3f1/Editor/Data/Managed'
Mono path[1] = 'C:/Program Files/Unity/Hub/Editor/2020.2.3f1/Editor/Data/MonoBleedingEdge/lib/mono/unityjit'
Mono config path = 'C:/Program Files/Unity/Hub/Editor/2020.2.3f1/Editor/Data/MonoBleedingEdge/etc'
Using monoOptions --debugger-agent=transport=dt_socket,embedding=1,server=y,suspend=n,address=127.0.0.1:56404
Begin MonoManager ReloadAssembly
Registering precompiled unity dll's ...
Register platform support module: C:/Program Files/Unity/Hub/Editor/2020.2.3f1/Editor/Data/PlaybackEngines/WindowsStandaloneSupport/UnityEditor.WindowsStandalone.Extensions.dll
Registered in 0.002503 seconds.
Native extension for WindowsStandalone target not found
Refreshing native plugins compatible for Editor in 66.39 ms, found 3 plugins.
Preloading 0 native plugins for Editor in 0.00 ms.
Invoked RoslynAnalysisRunner static constructor.
RoslynAnalysisRunner will not be running.
RoslynAnalysisRunner has terminated.
Mono: successfully reloaded assembly
- Completed reload, in  1.689 seconds
Platform modules already initialized, skipping
Registering precompiled user dll's ...
Registered in 0.009829 seconds.
Begin MonoManager ReloadAssembly
Native extension for WindowsStandalone target not found
Refreshing native plugins compatible for Editor in 62.20 ms, found 3 plugins.
Preloading 0 native plugins for Editor in 0.00 ms.
Curl error 42: Callback aborted
Curl error 42: Callback aborted
Curl error 42: Callback aborted
Curl error 42: Callback aborted
DisplayProgressbar: Restoring NuGet Packages
Curl error 42: Callback aborted
Curl error 42: Callback aborted
Curl error 42: Callback aborted
Curl error 42: Callback aborted
Invoked RoslynAnalysisRunner static constructor.
RoslynAnalysisRunner will not be running.
RoslynAnalysisRunner has terminated.
Mono: successfully reloaded assembly
- Completed reload, in  9.839 seconds
Platform modules already initialized, skipping
========================================================================
Worker process is ready to serve import requests
Launched and connected shader compiler UnityShaderCompiler.exe after 0.91 seconds
Refreshing native plugins compatible for Editor in 2.05 ms, found 3 plugins.
Preloading 0 native plugins for Editor in 0.00 ms.
Unloading 1840 Unused Serialized files (Serialized files now loaded: 0)
System memory in use before: 102.7 MB.
System memory in use after: 102.6 MB.

Unloading 52 unused Assets to reduce memory usage. Loaded Objects now: 2272.
Total: 6.448993 ms (FindLiveObjects: 0.468824 ms CreateObjectMapping: 0.273002 ms MarkObjects: 5.374230 ms  DeleteObjects: 0.329244 ms)

========================================================================
Received Import Request.
  path: Assets/Scenes/LevelMenu.unity
  artifactKey: Guid(87542753e648d5a41a96f832032c16a2) Importer(815301076,1909f56bfc062723c751e8b465ee728b)
Start importing Assets/Scenes/LevelMenu.unity using Guid(87542753e648d5a41a96f832032c16a2) Importer(815301076,1909f56bfc062723c751e8b465ee728b)  -> (artifact id: '3b80798e40337576b73d27fa3d76aa4c') in 0.071464 seconds
  Import took 0.077243 seconds .

========================================================================
Received Import Request.
  Time since last request: 294.945100 seconds.
  path: Assets/Scripts/GameScripts/UI/TransitionSceneForLevels.cs
  artifactKey: Guid(8dee8515e78e4cd458db57a2a9fcb23b) Importer(815301076,1909f56bfc062723c751e8b465ee728b)
Start importing Assets/Scripts/GameScripts/UI/TransitionSceneForLevels.cs using Guid(8dee8515e78e4cd458db57a2a9fcb23b) Importer(815301076,1909f56bfc062723c751e8b465ee728b)  -> (artifact id: '5c7704562b3aadde1ad2850c3b070501') in 14.066141 seconds
  Import took 19.108109 seconds .

========================================================================
Received Prepare
Registering precompiled user dll's ...
Registered in 0.025151 seconds.
Begin MonoManager ReloadAssembly
Native extension for WindowsStandalone target not found
Refreshing native plugins compatible for Editor in 61.97 ms, found 3 plugins.
Preloading 0 native plugins for Editor in 0.00 ms.
Invoked RoslynAnalysisRunner static constructor.
RoslynAnalysisRunner will not be running.
RoslynAnalysisRunner has terminated.
Mono: successfully reloaded assembly
- Completed reload, in  9.142 seconds
Platform modules already initialized, skipping
Refreshing native plugins compatible for Editor in 1.89 ms, found 3 plugins.
Preloading 0 native plugins for Editor in 0.00 ms.
Unloading 1836 Unused Serialized files (Serialized files now loaded: 0)
System memory in use before: 102.7 MB.
System memory in use after: 102.7 MB.

Unloading 40 unused Assets to reduce memory usage. Loaded Objects now: 2276.
Total: 1357.114707 ms (FindLiveObjects: 18.039447 ms CreateObjectMapping: 0.272180 ms MarkObjects: 1021.041232 ms  DeleteObjects: 317.757742 ms)

========================================================================
Received Prepare
Registering precompiled user dll's ...
Registered in 0.298853 seconds.
Begin MonoManager ReloadAssembly
Native extension for WindowsStandalone target not found
Refreshing native plugins compatible for Editor in 0.99 ms, found 3 plugins.
Preloading 0 native plugins for Editor in 0.00 ms.
Invoked RoslynAnalysisRunner static constructor.
RoslynAnalysisRunner will not be running.
RoslynAnalysisRunner has terminated.
Mono: successfully reloaded assembly
- Completed reload, in  3.481 seconds
Platform modules already initialized, skipping
Refreshing native plugins compatible for Editor in 1.75 ms, found 3 plugins.
Preloading 0 native plugins for Editor in 0.00 ms.
Unloading 1836 Unused Serialized files (Serialized files now loaded: 0)
System memory in use before: 102.7 MB.
System memory in use after: 102.7 MB.

Unloading 40 unused Assets to reduce memory usage. Loaded Objects now: 2279.
Total: 7.130471 ms (FindLiveObjects: 0.565298 ms CreateObjectMapping: 0.234001 ms MarkObjects: 5.966622 ms  DeleteObjects: 0.360855 ms)

========================================================================
Received Prepare
Registering precompiled user dll's ...
Registered in 0.009899 seconds.
Begin MonoManager ReloadAssembly
Native extension for WindowsStandalone target not found
Refreshing native plugins compatible for Editor in 1.39 ms, found 3 plugins.
Preloading 0 native plugins for Editor in 0.00 ms.
Invoked RoslynAnalysisRunner static constructor.
RoslynAnalysisRunner will not be running.
RoslynAnalysisRunner has terminated.
Mono: successfully reloaded assembly
- Completed reload, in  2.022 seconds
Platform modules already initialized, skipping
Refreshing native plugins compatible for Editor in 0.86 ms, found 3 plugins.
Preloading 0 native plugins for Editor in 0.00 ms.
Unloading 1836 Unused Serialized files (Serialized files now loaded: 0)
System memory in use before: 102.7 MB.
System memory in use after: 102.7 MB.

Unloading 40 unused Assets to reduce memory usage. Loaded Objects now: 2282.
Total: 3.091691 ms (FindLiveObjects: 0.267665 ms CreateObjectMapping: 0.112895 ms MarkObjects: 2.515309 ms  DeleteObjects: 0.194180 ms)

========================================================================
Received Prepare
Registering precompiled user dll's ...
Registered in 0.032649 seconds.
Begin MonoManager ReloadAssembly
Native extension for WindowsStandalone target not found
Refreshing native plugins compatible for Editor in 1.31 ms, found 3 plugins.
Preloading 0 native plugins for Editor in 0.00 ms.
Invoked RoslynAnalysisRunner static constructor.
RoslynAnalysisRunner will not be running.
RoslynAnalysisRunner has terminated.
Mono: successfully reloaded assembly
- Completed reload, in  1.858 seconds
Platform modules already initialized, skipping
Refreshing native plugins compatible for Editor in 0.96 ms, found 3 plugins.
Preloading 0 native plugins for Editor in 0.00 ms.
Unloading 1836 Unused Serialized files (Serialized files now loaded: 0)
System memory in use before: 102.7 MB.
System memory in use after: 102.7 MB.

Unloading 40 unused Assets to reduce memory usage. Loaded Objects now: 2285.
Total: 3.237428 ms (FindLiveObjects: 0.246728 ms CreateObjectMapping: 0.102632 ms MarkObjects: 2.522288 ms  DeleteObjects: 0.363728 ms)

========================================================================
Received Prepare
Registering precompiled user dll's ...
Registered in 0.012558 seconds.
Begin MonoManager ReloadAssembly
Native extension for WindowsStandalone target not found
Refreshing native plugins compatible for Editor in 0.95 ms, found 3 plugins.
Preloading 0 native plugins for Editor in 0.00 ms.
Invoked RoslynAnalysisRunner static constructor.
RoslynAnalysisRunner will not be running.
RoslynAnalysisRunner has terminated.
Mono: successfully reloaded assembly
- Completed reload, in  1.928 seconds
Platform modules already initialized, skipping
Refreshing native plugins compatible for Editor in 1.29 ms, found 3 plugins.
Preloading 0 native plugins for Editor in 0.00 ms.
Unloading 1836 Unused Serialized files (Serialized files now loaded: 0)
System memory in use before: 102.7 MB.
System memory in use after: 102.7 MB.

Unloading 40 unused Assets to reduce memory usage. Loaded Objects now: 2288.
Total: 4.699731 ms (FindLiveObjects: 0.267665 ms CreateObjectMapping: 0.108790 ms MarkObjects: 4.015791 ms  DeleteObjects: 0.305023 ms)

========================================================================
Received Prepare
Registering precompiled user dll's ...
Registered in 0.009608 seconds.
Begin MonoManager ReloadAssembly
Native extension for WindowsStandalone target not found
Refreshing native plugins compatible for Editor in 1.06 ms, found 3 plugins.
Preloading 0 native plugins for Editor in 0.00 ms.
Invoked RoslynAnalysisRunner static constructor.
RoslynAnalysisRunner will not be running.
RoslynAnalysisRunner has terminated.
Mono: successfully reloaded assembly
- Completed reload, in  1.893 seconds
Platform modules already initialized, skipping
Refreshing native plugins compatible for Editor in 0.87 ms, found 3 plugins.
Preloading 0 native plugins for Editor in 0.00 ms.
Unloading 1836 Unused Serialized files (Serialized files now loaded: 0)
System memory in use before: 102.8 MB.
System memory in use after: 102.7 MB.

Unloading 40 unused Assets to reduce memory usage. Loaded Objects now: 2291.
Total: 3.215260 ms (FindLiveObjects: 0.254528 ms CreateObjectMapping: 0.108790 ms MarkObjects: 2.465224 ms  DeleteObjects: 0.384665 ms)

========================================================================
Received Prepare
Registering precompiled user dll's ...
Registered in 0.012881 seconds.
Begin MonoManager ReloadAssembly
Native extension for WindowsStandalone target not found
Refreshing native plugins compatible for Editor in 0.95 ms, found 3 plugins.
Preloading 0 native plugins for Editor in 0.00 ms.
Invoked RoslynAnalysisRunner static constructor.
RoslynAnalysisRunner will not be running.
RoslynAnalysisRunner has terminated.
Mono: successfully reloaded assembly
- Completed reload, in  1.722 seconds
Platform modules already initialized, skipping
Refreshing native plugins compatible for Editor in 1.11 ms, found 3 plugins.
Preloading 0 native plugins for Editor in 0.00 ms.
Unloading 1836 Unused Serialized files (Serialized files now loaded: 0)
System memory in use before: 102.8 MB.
System memory in use after: 102.8 MB.

Unloading 40 unused Assets to reduce memory usage. Loaded Objects now: 2294.
Total: 3.796568 ms (FindLiveObjects: 0.523013 ms CreateObjectMapping: 0.170780 ms MarkObjects: 2.740278 ms  DeleteObjects: 0.360034 ms)

========================================================================
Received Prepare
Registering precompiled user dll's ...
Registered in 0.011532 seconds.
Begin MonoManager ReloadAssembly
Native extension for WindowsStandalone target not found
Refreshing native plugins compatible for Editor in 0.91 ms, found 3 plugins.
Preloading 0 native plugins for Editor in 0.00 ms.
Invoked RoslynAnalysisRunner static constructor.
RoslynAnalysisRunner will not be running.
RoslynAnalysisRunner has terminated.
Mono: successfully reloaded assembly
- Completed reload, in  2.200 seconds
Platform modules already initialized, skipping
Refreshing native plugins compatible for Editor in 0.90 ms, found 3 plugins.
Preloading 0 native plugins for Editor in 0.00 ms.
Unloading 1836 Unused Serialized files (Serialized files now loaded: 0)
System memory in use before: 102.8 MB.
System memory in use after: 102.8 MB.

Unloading 40 unused Assets to reduce memory usage. Loaded Objects now: 2297.
Total: 3.748536 ms (FindLiveObjects: 0.431876 ms CreateObjectMapping: 0.122748 ms MarkObjects: 2.947595 ms  DeleteObjects: 0.244675 ms)

========================================================================
Received Prepare
Registering precompiled user dll's ...
Registered in 0.013063 seconds.
Begin MonoManager ReloadAssembly
Native extension for WindowsStandalone target not found
Refreshing native plugins compatible for Editor in 0.96 ms, found 3 plugins.
Preloading 0 native plugins for Editor in 0.00 ms.
Invoked RoslynAnalysisRunner static constructor.
RoslynAnalysisRunner will not be running.
RoslynAnalysisRunner has terminated.
Mono: successfully reloaded assembly
- Completed reload, in  2.043 seconds
Platform modules already initialized, skipping
Refreshing native plugins compatible for Editor in 1.51 ms, found 3 plugins.
Preloading 0 native plugins for Editor in 0.00 ms.
Unloading 1836 Unused Serialized files (Serialized files now loaded: 0)
System memory in use before: 102.8 MB.
System memory in use after: 102.8 MB.

Unloading 40 unused Assets to reduce memory usage. Loaded Objects now: 2300.
Total: 3.317481 ms (FindLiveObjects: 0.405602 ms CreateObjectMapping: 0.111664 ms MarkObjects: 2.587151 ms  DeleteObjects: 0.209780 ms)

========================================================================
Received Prepare
Registering precompiled user dll's ...
Registered in 0.056007 seconds.
Begin MonoManager ReloadAssembly
Native extension for WindowsStandalone target not found
Refreshing native plugins compatible for Editor in 0.99 ms, found 3 plugins.
Preloading 0 native plugins for Editor in 0.00 ms.
Invoked RoslynAnalysisRunner static constructor.
RoslynAnalysisRunner will not be running.
RoslynAnalysisRunner has terminated.
Mono: successfully reloaded assembly
- Completed reload, in  8.570 seconds
Platform modules already initialized, skipping
Refreshing native plugins compatible for Editor in 1.73 ms, found 3 plugins.
Preloading 0 native plugins for Editor in 0.00 ms.
Unloading 1836 Unused Serialized files (Serialized files now loaded: 0)
System memory in use before: 102.8 MB.
System memory in use after: 102.8 MB.

Unloading 40 unused Assets to reduce memory usage. Loaded Objects now: 2303.
Total: 4.480919 ms (FindLiveObjects: 0.333349 ms CreateObjectMapping: 0.152306 ms MarkObjects: 3.725136 ms  DeleteObjects: 0.267254 ms)

========================================================================
Received Prepare
Registering precompiled user dll's ...
Registered in 0.011621 seconds.
Begin MonoManager ReloadAssembly
Native extension for WindowsStandalone target not found
Refreshing native plugins compatible for Editor in 1.45 ms, found 3 plugins.
Preloading 0 native plugins for Editor in 0.00 ms.
Invoked RoslynAnalysisRunner static constructor.
RoslynAnalysisRunner will not be running.
RoslynAnalysisRunner has terminated.
Mono: successfully reloaded assembly
- Completed reload, in  2.019 seconds
Platform modules already initialized, skipping
Refreshing native plugins compatible for Editor in 1.68 ms, found 3 plugins.
Preloading 0 native plugins for Editor in 0.00 ms.
Unloading 1836 Unused Serialized files (Serialized files now loaded: 0)
System memory in use before: 102.8 MB.
System memory in use after: 102.8 MB.

Unloading 40 unused Assets to reduce memory usage. Loaded Objects now: 2306.
Total: 4.225571 ms (FindLiveObjects: 0.409708 ms CreateObjectMapping: 0.123569 ms MarkObjects: 3.477998 ms  DeleteObjects: 0.211422 ms)

========================================================================
Received Prepare
Registering precompiled user dll's ...
Registered in 0.014124 seconds.
Begin MonoManager ReloadAssembly
Native extension for WindowsStandalone target not found
Refreshing native plugins compatible for Editor in 0.92 ms, found 3 plugins.
Preloading 0 native plugins for Editor in 0.00 ms.
Invoked RoslynAnalysisRunner static constructor.
RoslynAnalysisRunner will not be running.
RoslynAnalysisRunner has terminated.
Mono: successfully reloaded assembly
- Completed reload, in  2.179 seconds
Platform modules already initialized, skipping
Refreshing native plugins compatible for Editor in 0.89 ms, found 3 plugins.
Preloading 0 native plugins for Editor in 0.00 ms.
Unloading 1836 Unused Serialized files (Serialized files now loaded: 0)
System memory in use before: 102.8 MB.
System memory in use after: 102.8 MB.

Unloading 40 unused Assets to reduce memory usage. Loaded Objects now: 2309.
Total: 3.102364 ms (FindLiveObjects: 0.260686 ms CreateObjectMapping: 0.110432 ms MarkObjects: 2.464814 ms  DeleteObjects: 0.264380 ms)

========================================================================
Received Import Request.
  Time since last request: 2821.945050 seconds.
  path: Assets/Scripts/GameScripts/Enemy/Move.cs
  artifactKey: Guid(a20ceb7ae7a60e44798833b66c6dd7ff) Importer(815301076,1909f56bfc062723c751e8b465ee728b)
Start importing Assets/Scripts/GameScripts/Enemy/Move.cs using Guid(a20ceb7ae7a60e44798833b66c6dd7ff) Importer(815301076,1909f56bfc062723c751e8b465ee728b)  -> (artifact id: '598d63acaeaced32338f564c54698ff0') in 0.019318 seconds
  Import took 0.046430 seconds .

========================================================================
Received Prepare
Registering precompiled user dll's ...
Registered in 0.010295 seconds.
Begin MonoManager ReloadAssembly
Native extension for WindowsStandalone target not found
Refreshing native plugins compatible for Editor in 0.85 ms, found 3 plugins.
Preloading 0 native plugins for Editor in 0.00 ms.
Invoked RoslynAnalysisRunner static constructor.
RoslynAnalysisRunner will not be running.
RoslynAnalysisRunner has terminated.
Mono: successfully reloaded assembly
- Completed reload, in  2.115 seconds
Platform modules already initialized, skipping
Refreshing native plugins compatible for Editor in 0.94 ms, found 3 plugins.
Preloading 0 native plugins for Editor in 0.00 ms.
Unloading 1836 Unused Serialized files (Serialized files now loaded: 0)
System memory in use before: 102.8 MB.
System memory in use after: 102.8 MB.

Unloading 40 unused Assets to reduce memory usage. Loaded Objects now: 2312.
Total: 3.844600 ms (FindLiveObjects: 0.756604 ms CreateObjectMapping: 0.236054 ms MarkObjects: 2.656941 ms  DeleteObjects: 0.191717 ms)

========================================================================
Received Prepare
Registering precompiled user dll's ...
Registered in 0.012757 seconds.
Begin MonoManager ReloadAssembly
Native extension for WindowsStandalone target not found
Refreshing native plugins compatible for Editor in 1.24 ms, found 3 plugins.
Preloading 0 native plugins for Editor in 0.00 ms.
Invoked RoslynAnalysisRunner static constructor.
RoslynAnalysisRunner will not be running.
RoslynAnalysisRunner has terminated.
Mono: successfully reloaded assembly
- Completed reload, in  1.722 seconds
Platform modules already initialized, skipping
Refreshing native plugins compatible for Editor in 0.93 ms, found 3 plugins.
Preloading 0 native plugins for Editor in 0.00 ms.
Unloading 1836 Unused Serialized files (Serialized files now loaded: 0)
System memory in use before: 102.8 MB.
System memory in use after: 102.8 MB.

Unloading 40 unused Assets to reduce memory usage. Loaded Objects now: 2315.
Total: 4.284276 ms (FindLiveObjects: 0.625646 ms CreateObjectMapping: 0.355928 ms MarkObjects: 3.108112 ms  DeleteObjects: 0.192127 ms)

========================================================================
Received Import Request.
  Time since last request: 92.003304 seconds.
  path: Assets/Prefabs/controller_for_menu.prefab
  artifactKey: Guid(c3a49f0b612376b42906f3f981cb58aa) Importer(815301076,1909f56bfc062723c751e8b465ee728b)
Start importing Assets/Prefabs/controller_for_menu.prefab using Guid(c3a49f0b612376b42906f3f981cb58aa) Importer(815301076,1909f56bfc062723c751e8b465ee728b)  -> (artifact id: 'a6ecf03942f734ae305b1a57675807be') in 0.791411 seconds
  Import took 0.797728 seconds .

========================================================================
Received Import Request.
  Time since last request: 20.261342 seconds.
  path: Assets/Prefabs/default_enemy.prefab
  artifactKey: Guid(1c9dc3e4d8094d544b7a5d6e267114ce) Importer(815301076,1909f56bfc062723c751e8b465ee728b)
Start importing Assets/Prefabs/default_enemy.prefab using Guid(1c9dc3e4d8094d544b7a5d6e267114ce) Importer(815301076,1909f56bfc062723c751e8b465ee728b)  -> (artifact id: 'c8e0372c0b572946cbaa041c0f231ff2') in 1.216245 seconds
  Import took 1.224601 seconds .

========================================================================
Received Prepare
Registering precompiled user dll's ...
Registered in 0.029014 seconds.
Begin MonoManager ReloadAssembly
Native extension for WindowsStandalone target not found
Refreshing native plugins compatible for Editor in 1.16 ms, found 3 plugins.
Preloading 0 native plugins for Editor in 0.00 ms.
Invoked RoslynAnalysisRunner static constructor.
RoslynAnalysisRunner will not be running.
RoslynAnalysisRunner has terminated.
Mono: successfully reloaded assembly
- Completed reload, in  2.082 seconds
Platform modules already initialized, skipping
Refreshing native plugins compatible for Editor in 1.00 ms, found 3 plugins.
Preloading 0 native plugins for Editor in 0.00 ms.
Unloading 1836 Unused Serialized files (Serialized files now loaded: 0)
System memory in use before: 105.9 MB.
System memory in use after: 105.9 MB.

Unloading 40 unused Assets to reduce memory usage. Loaded Objects now: 2325.
Total: 3.367976 ms (FindLiveObjects: 0.284086 ms CreateObjectMapping: 0.104685 ms MarkObjects: 2.783794 ms  DeleteObjects: 0.193769 ms)

========================================================================
Received Import Request.
  Time since last request: 83.916794 seconds.
  path: ProjectSettings/TagManager.asset
  artifactKey: Guid(00000000000000003000000000000000) Importer(815301076,1909f56bfc062723c751e8b465ee728b)
Start importing ProjectSettings/TagManager.asset using Guid(00000000000000003000000000000000) Importer(815301076,1909f56bfc062723c751e8b465ee728b)  -> (artifact id: '9e75268473b82ca3136d98aa08823d7b') in 0.040392 seconds
  Import took 0.046933 seconds .

========================================================================
Received Import Request.
  Time since last request: 0.011448 seconds.
  path: ProjectSettings/TagManager.asset
  artifactKey: Guid(00000000000000003000000000000000) Importer(815301076,1909f56bfc062723c751e8b465ee728b)
Start importing ProjectSettings/TagManager.asset using Guid(00000000000000003000000000000000) Importer(815301076,1909f56bfc062723c751e8b465ee728b)  -> (artifact id: '9e75268473b82ca3136d98aa08823d7b') in 0.006431 seconds
  Import took 0.050994 seconds .

========================================================================
Received Import Request.
  Time since last request: 77.748654 seconds.
  path: Assets/Prefabs/controller_for_menu.prefab
  artifactKey: Guid(c3a49f0b612376b42906f3f981cb58aa) Importer(815301076,1909f56bfc062723c751e8b465ee728b)
Start importing Assets/Prefabs/controller_for_menu.prefab using Guid(c3a49f0b612376b42906f3f981cb58aa) Importer(815301076,1909f56bfc062723c751e8b465ee728b)  -> (artifact id: '9af7214a604c09fe8b4dd1e853a458f0') in 0.051365 seconds
  Import took 0.057982 seconds .

========================================================================
Received Prepare
Registering precompiled user dll's ...
Registered in 0.119045 seconds.
Begin MonoManager ReloadAssembly
Native extension for WindowsStandalone target not found
Refreshing native plugins compatible for Editor in 1.05 ms, found 3 plugins.
Preloading 0 native plugins for Editor in 0.00 ms.
Invoked RoslynAnalysisRunner static constructor.
RoslynAnalysisRunner will not be running.
RoslynAnalysisRunner has terminated.
Mono: successfully reloaded assembly
- Completed reload, in  1.998 seconds
Platform modules already initialized, skipping
Refreshing native plugins compatible for Editor in 2.78 ms, found 3 plugins.
Preloading 0 native plugins for Editor in 0.00 ms.
Unloading 1836 Unused Serialized files (Serialized files now loaded: 0)
System memory in use before: 106.0 MB.
System memory in use after: 106.0 MB.

Unloading 42 unused Assets to reduce memory usage. Loaded Objects now: 2328.
Total: 7.460946 ms (FindLiveObjects: 1.109248 ms CreateObjectMapping: 0.464308 ms MarkObjects: 5.492462 ms  DeleteObjects: 0.389592 ms)

========================================================================
Received Prepare
Registering precompiled user dll's ...
Registered in 0.010068 seconds.
Begin MonoManager ReloadAssembly
Native extension for WindowsStandalone target not found
Refreshing native plugins compatible for Editor in 1.01 ms, found 3 plugins.
Preloading 0 native plugins for Editor in 0.00 ms.
Invoked RoslynAnalysisRunner static constructor.
RoslynAnalysisRunner will not be running.
RoslynAnalysisRunner has terminated.
Mono: successfully reloaded assembly
- Completed reload, in  1.876 seconds
Platform modules already initialized, skipping
Refreshing native plugins compatible for Editor in 2.09 ms, found 3 plugins.
Preloading 0 native plugins for Editor in 0.00 ms.
Unloading 1836 Unused Serialized files (Serialized files now loaded: 0)
System memory in use before: 106.0 MB.
System memory in use after: 106.0 MB.

Unloading 40 unused Assets to reduce memory usage. Loaded Objects now: 2331.
Total: 8.394899 ms (FindLiveObjects: 0.955711 ms CreateObjectMapping: 0.284907 ms MarkObjects: 6.728563 ms  DeleteObjects: 0.421202 ms)

========================================================================
Received Prepare
Registering precompiled user dll's ...
Registered in 0.013474 seconds.
Begin MonoManager ReloadAssembly
Native extension for WindowsStandalone target not found
Refreshing native plugins compatible for Editor in 0.90 ms, found 3 plugins.
Preloading 0 native plugins for Editor in 0.00 ms.
Invoked RoslynAnalysisRunner static constructor.
RoslynAnalysisRunner will not be running.
RoslynAnalysisRunner has terminated.
Mono: successfully reloaded assembly
- Completed reload, in  2.485 seconds
Platform modules already initialized, skipping
Refreshing native plugins compatible for Editor in 1.72 ms, found 3 plugins.
Preloading 0 native plugins for Editor in 0.00 ms.
Unloading 1836 Unused Serialized files (Serialized files now loaded: 0)
System memory in use before: 106.0 MB.
System memory in use after: 106.0 MB.

Unloading 40 unused Assets to reduce memory usage. Loaded Objects now: 2334.
Total: 6.432162 ms (FindLiveObjects: 0.564066 ms CreateObjectMapping: 0.277928 ms MarkObjects: 5.265440 ms  DeleteObjects: 0.320212 ms)

========================================================================
Received Prepare
Registering precompiled user dll's ...
Registered in 0.010076 seconds.
Begin MonoManager ReloadAssembly
Native extension for WindowsStandalone target not found
Refreshing native plugins compatible for Editor in 0.91 ms, found 3 plugins.
Preloading 0 native plugins for Editor in 0.00 ms.
Invoked RoslynAnalysisRunner static constructor.
RoslynAnalysisRunner will not be running.
RoslynAnalysisRunner has terminated.
Mono: successfully reloaded assembly
- Completed reload, in  2.098 seconds
Platform modules already initialized, skipping
Refreshing native plugins compatible for Editor in 1.72 ms, found 3 plugins.
Preloading 0 native plugins for Editor in 0.00 ms.
Unloading 1836 Unused Serialized files (Serialized files now loaded: 0)
System memory in use before: 106.0 MB.
System memory in use after: 106.0 MB.

Unloading 40 unused Assets to reduce memory usage. Loaded Objects now: 2337.
Total: 114.441821 ms (FindLiveObjects: 0.411760 ms CreateObjectMapping: 0.130548 ms MarkObjects: 111.893670 ms  DeleteObjects: 2.002148 ms)

========================================================================
Received Prepare
Registering precompiled user dll's ...
Registered in 0.014317 seconds.
Begin MonoManager ReloadAssembly
Native extension for WindowsStandalone target not found
Refreshing native plugins compatible for Editor in 0.91 ms, found 3 plugins.
Preloading 0 native plugins for Editor in 0.00 ms.
Invoked RoslynAnalysisRunner static constructor.
RoslynAnalysisRunner will not be running.
RoslynAnalysisRunner has terminated.
Mono: successfully reloaded assembly
- Completed reload, in  2.697 seconds
Platform modules already initialized, skipping
Refreshing native plugins compatible for Editor in 1.19 ms, found 3 plugins.
Preloading 0 native plugins for Editor in 0.00 ms.
Unloading 1836 Unused Serialized files (Serialized files now loaded: 0)
System memory in use before: 106.0 MB.
System memory in use after: 106.0 MB.

Unloading 40 unused Assets to reduce memory usage. Loaded Objects now: 2340.
Total: 5.256818 ms (FindLiveObjects: 0.496329 ms CreateObjectMapping: 0.158464 ms MarkObjects: 4.342571 ms  DeleteObjects: 0.256580 ms)

========================================================================
Received Prepare
Registering precompiled user dll's ...
Registered in 0.013699 seconds.
Begin MonoManager ReloadAssembly
Native extension for WindowsStandalone target not found
Refreshing native plugins compatible for Editor in 1.55 ms, found 3 plugins.
Preloading 0 native plugins for Editor in 0.00 ms.
Invoked RoslynAnalysisRunner static constructor.
RoslynAnalysisRunner will not be running.
RoslynAnalysisRunner has terminated.
Mono: successfully reloaded assembly
- Completed reload, in  2.965 seconds
Platform modules already initialized, skipping
Refreshing native plugins compatible for Editor in 0.92 ms, found 3 plugins.
Preloading 0 native plugins for Editor in 0.00 ms.
Unloading 1836 Unused Serialized files (Serialized files now loaded: 0)
System memory in use before: 106.0 MB.
System memory in use after: 106.0 MB.

Unloading 40 unused Assets to reduce memory usage. Loaded Objects now: 2343.
Total: 12.173404 ms (FindLiveObjects: 0.383434 ms CreateObjectMapping: 0.101401 ms MarkObjects: 2.489035 ms  DeleteObjects: 9.195840 ms)

========================================================================
Received Prepare
Registering precompiled user dll's ...
Registered in 0.011840 seconds.
Begin MonoManager ReloadAssembly
Native extension for WindowsStandalone target not found
Refreshing native plugins compatible for Editor in 0.88 ms, found 3 plugins.
Preloading 0 native plugins for Editor in 0.00 ms.
Invoked RoslynAnalysisRunner static constructor.
RoslynAnalysisRunner will not be running.
RoslynAnalysisRunner has terminated.
Mono: successfully reloaded assembly
- Completed reload, in  2.464 seconds
Platform modules already initialized, skipping
Refreshing native plugins compatible for Editor in 1.37 ms, found 3 plugins.
Preloading 0 native plugins for Editor in 0.00 ms.
Unloading 1836 Unused Serialized files (Serialized files now loaded: 0)
System memory in use before: 106.0 MB.
System memory in use after: 106.0 MB.

Unloading 40 unused Assets to reduce memory usage. Loaded Objects now: 2346.
Total: 3.349913 ms (FindLiveObjects: 0.413813 ms CreateObjectMapping: 0.098937 ms MarkObjects: 2.622867 ms  DeleteObjects: 0.211012 ms)

========================================================================
Received Prepare
Registering precompiled user dll's ...
Registered in 0.012416 seconds.
Begin MonoManager ReloadAssembly
Native extension for WindowsStandalone target not found
Refreshing native plugins compatible for Editor in 1.26 ms, found 3 plugins.
Preloading 0 native plugins for Editor in 0.00 ms.
Invoked RoslynAnalysisRunner static constructor.
RoslynAnalysisRunner will not be running.
RoslynAnalysisRunner has terminated.
Mono: successfully reloaded assembly
- Completed reload, in  1.630 seconds
Platform modules already initialized, skipping
Refreshing native plugins compatible for Editor in 0.85 ms, found 3 plugins.
Preloading 0 native plugins for Editor in 0.00 ms.
Unloading 1836 Unused Serialized files (Serialized files now loaded: 0)
System memory in use before: 106.0 MB.
System memory in use after: 106.0 MB.

Unloading 40 unused Assets to reduce memory usage. Loaded Objects now: 2349.
Total: 3.310913 ms (FindLiveObjects: 0.437623 ms CreateObjectMapping: 0.119464 ms MarkObjects: 2.557183 ms  DeleteObjects: 0.194591 ms)

========================================================================
Received Import Request.
  Time since last request: 1047.976994 seconds.
  path: Assets/Scripts/GameScripts/OpenBanPanel.cs
  artifactKey: Guid(f8a361125b2d02a4f99d2f24c85ca18d) Importer(815301076,1909f56bfc062723c751e8b465ee728b)
Start importing Assets/Scripts/GameScripts/OpenBanPanel.cs using Guid(f8a361125b2d02a4f99d2f24c85ca18d) Importer(815301076,1909f56bfc062723c751e8b465ee728b)  -> (artifact id: 'c329f16c1fc7565cbd4ade8fc4a28ca8') in 0.159830 seconds
  Import took 0.549254 seconds .

========================================================================
Received Prepare
Registering precompiled user dll's ...
Registered in 0.010146 seconds.
Begin MonoManager ReloadAssembly
Native extension for WindowsStandalone target not found
Refreshing native plugins compatible for Editor in 0.84 ms, found 3 plugins.
Preloading 0 native plugins for Editor in 0.00 ms.
Invoked RoslynAnalysisRunner static constructor.
RoslynAnalysisRunner will not be running.
RoslynAnalysisRunner has terminated.
Mono: successfully reloaded assembly
- Completed reload, in  1.788 seconds
Platform modules already initialized, skipping
Refreshing native plugins compatible for Editor in 0.93 ms, found 3 plugins.
Preloading 0 native plugins for Editor in 0.00 ms.
Unloading 1837 Unused Serialized files (Serialized files now loaded: 0)
System memory in use before: 106.0 MB.
System memory in use after: 106.0 MB.

Unloading 40 unused Assets to reduce memory usage. Loaded Objects now: 2353.
Total: 3.551483 ms (FindLiveObjects: 0.367423 ms CreateObjectMapping: 0.105506 ms MarkObjects: 2.887248 ms  DeleteObjects: 0.188843 ms)

